This is pdfTeX, Version 3.141592653-2.6-1.40.24 (TeX Live 2022) (preloaded format=pdflatex 2023.1.9)  9 JAN 2023 11:18
entering extended mode
 restricted \write18 enabled.
 %&-line parsing enabled.
**WUR_approved_propositions.tex
(./WUR_approved_propositions.tex
LaTeX2e <2022-11-01> patch level 1
L3 programming layer <2022-12-17> (c:/Users/dank001/AppData/Roaming/TinyTex/texmf-dist/tex/latex/base/article.cls
Document Class: article 2022/07/02 v1.4n Standard LaTeX document class
(c:/Users/dank001/AppData/Roaming/TinyTex/texmf-dist/tex/latex/base/size10.clo
File: size10.clo 2022/07/02 v1.4n Standard LaTeX file (size option)
)
\c@part=\count185
\c@section=\count186
\c@subsection=\count187
\c@subsubsection=\count188
\c@paragraph=\count189
\c@subparagraph=\count190
\c@figure=\count191
\c@table=\count192
\abovecaptionskip=\skip48
\belowcaptionskip=\skip49
\bibindent=\dimen140
) (c:/Users/dank001/AppData/Roaming/TinyTex/texmf-dist/tex/latex/pdfpages/pdfpages.sty
Package: pdfpages 2022/12/19 v0.5x Insert pages of external PDF documents (AM)
 (c:/Users/dank001/AppData/Roaming/TinyTex/texmf-dist/tex/latex/base/ifthen.sty
Package: ifthen 2022/04/13 v1.1d Standard LaTeX ifthen package (DPC)
) (c:/Users/dank001/AppData/Roaming/TinyTex/texmf-dist/tex/latex/tools/calc.sty
Package: calc 2017/05/25 v4.3 Infix arithmetic (KKT,FJ)
\calc@Acount=\count193
\calc@Bcount=\count194
\calc@Adimen=\dimen141
\calc@Bdimen=\dimen142
\calc@Askip=\skip50
\calc@Bskip=\skip51
LaTeX Info: Redefining \setlength on input line 80.
LaTeX Info: Redefining \addtolength on input line 81.
\calc@Ccount=\count195
\calc@Cskip=\skip52
) (c:/Users/dank001/AppData/Roaming/TinyTex/texmf-dist/tex/latex/eso-pic/eso-pic.sty
Package: eso-pic 2020/10/14 v3.0a eso-pic (RN)
\ESO@tempdima=\dimen143
\ESO@tempdimb=\dimen144
 (c:/Users/dank001/AppData/Roaming/TinyTex/texmf-dist/tex/latex/graphics/keyval.sty
Package: keyval 2022/05/29 v1.15 key=value parser (DPC)
\KV@toks@=\toks16
) (c:/Users/dank001/AppData/Roaming/TinyTex/texmf-dist/tex/latex/xcolor/xcolor.sty
Package: xcolor 2022/06/12 v2.14 LaTeX color extensions (UK)
 (c:/Users/dank001/AppData/Roaming/TinyTex/texmf-dist/tex/latex/graphics-cfg/color.cfg
File: color.cfg 2016/01/02 v1.6 sample color configuration
)
Package xcolor Info: Driver file: pdftex.def on input line 227.
 (c:/Users/dank001/AppData/Roaming/TinyTex/texmf-dist/tex/latex/graphics-def/pdftex.def
File: pdftex.def 2022/09/22 v1.2b Graphics/color driver for pdftex
) (c:/Users/dank001/AppData/Roaming/TinyTex/texmf-dist/tex/latex/graphics/mathcolor.ltx)
Package xcolor Info: Model `cmy' substituted by `cmy0' on input line 1353.
Package xcolor Info: Model `hsb' substituted by `rgb' on input line 1357.
Package xcolor Info: Model `RGB' extended on input line 1369.
Package xcolor Info: Model `HTML' substituted by `rgb' on input line 1371.
Package xcolor Info: Model `Hsb' substituted by `hsb' on input line 1372.
Package xcolor Info: Model `tHsb' substituted by `hsb' on input line 1373.
Package xcolor Info: Model `HSB' substituted by `hsb' on input line 1374.
Package xcolor Info: Model `Gray' substituted by `gray' on input line 1375.
Package xcolor Info: Model `wave' substituted by `hsb' on input line 1376.
)) (c:/Users/dank001/AppData/Roaming/TinyTex/texmf-dist/tex/latex/graphics/graphicx.sty
Package: graphicx 2021/09/16 v1.2d Enhanced LaTeX Graphics (DPC,SPQR)
 (c:/Users/dank001/AppData/Roaming/TinyTex/texmf-dist/tex/latex/graphics/graphics.sty
Package: graphics 2022/03/10 v1.4e Standard LaTeX Graphics (DPC,SPQR)
 (c:/Users/dank001/AppData/Roaming/TinyTex/texmf-dist/tex/latex/graphics/trig.sty
Package: trig 2021/08/11 v1.11 sin cos tan (DPC)
) (c:/Users/dank001/AppData/Roaming/TinyTex/texmf-dist/tex/latex/graphics-cfg/graphics.cfg
File: graphics.cfg 2016/06/04 v1.11 sample graphics configuration
)
Package graphics Info: Driver file: pdftex.def on input line 107.
)
\Gin@req@height=\dimen145
\Gin@req@width=\dimen146
)
\AM@pagewidth=\dimen147
\AM@pageheight=\dimen148
\AM@fboxrule=\dimen149
 (c:/Users/dank001/AppData/Roaming/TinyTex/texmf-dist/tex/latex/pdfpages/pppdftex.def
File: pppdftex.def 2022/12/19 v0.5x Pdfpages driver for pdfTeX (AM)
)
\pdfpages@includegraphics@status=\count196
\AM@pagebox=\box51
\AM@global@opts=\toks17
\AM@pagecnt=\count197
\AM@toc@title=\toks18
\AM@lof@heading=\toks19
\c@AM@survey=\count198
\AM@templatesizebox=\box52
) (c:/Users/dank001/AppData/Roaming/TinyTex/texmf-dist/tex/latex/hyperref/hyperref.sty
Package: hyperref 2022-11-13 v7.00u Hypertext links for LaTeX
 (c:/Users/dank001/AppData/Roaming/TinyTex/texmf-dist/tex/generic/ltxcmds/ltxcmds.sty
Package: ltxcmds 2020-05-10 v1.25 LaTeX kernel commands for general use (HO)
) (c:/Users/dank001/AppData/Roaming/TinyTex/texmf-dist/tex/generic/iftex/iftex.sty
Package: iftex 2022/02/03 v1.0f TeX engine tests
) (c:/Users/dank001/AppData/Roaming/TinyTex/texmf-dist/tex/generic/pdftexcmds/pdftexcmds.sty
Package: pdftexcmds 2020-06-27 v0.33 Utility functions of pdfTeX for LuaTeX (HO)
 (c:/Users/dank001/AppData/Roaming/TinyTex/texmf-dist/tex/generic/infwarerr/infwarerr.sty
Package: infwarerr 2019/12/03 v1.5 Providing info/warning/error messages (HO)
)
Package pdftexcmds Info: \pdf@primitive is available.
Package pdftexcmds Info: \pdf@ifprimitive is available.
Package pdftexcmds Info: \pdfdraftmode found.
) (c:/Users/dank001/AppData/Roaming/TinyTex/texmf-dist/tex/latex/kvsetkeys/kvsetkeys.sty
Package: kvsetkeys 2022-10-05 v1.19 Key value parser (HO)
) (c:/Users/dank001/AppData/Roaming/TinyTex/texmf-dist/tex/generic/kvdefinekeys/kvdefinekeys.sty
Package: kvdefinekeys 2019-12-19 v1.6 Define keys (HO)
) (c:/Users/dank001/AppData/Roaming/TinyTex/texmf-dist/tex/generic/pdfescape/pdfescape.sty
Package: pdfescape 2019/12/09 v1.15 Implements pdfTeX's escape features (HO)
) (c:/Users/dank001/AppData/Roaming/TinyTex/texmf-dist/tex/latex/hycolor/hycolor.sty
Package: hycolor 2020-01-27 v1.10 Color options for hyperref/bookmark (HO)
) (c:/Users/dank001/AppData/Roaming/TinyTex/texmf-dist/tex/latex/letltxmacro/letltxmacro.sty
Package: letltxmacro 2019/12/03 v1.6 Let assignment for LaTeX macros (HO)
) (c:/Users/dank001/AppData/Roaming/TinyTex/texmf-dist/tex/latex/auxhook/auxhook.sty
Package: auxhook 2019-12-17 v1.6 Hooks for auxiliary files (HO)
) (c:/Users/dank001/AppData/Roaming/TinyTex/texmf-dist/tex/latex/hyperref/nameref.sty
Package: nameref 2022-05-17 v2.50 Cross-referencing by name of section
 (c:/Users/dank001/AppData/Roaming/TinyTex/texmf-dist/tex/latex/refcount/refcount.sty
Package: refcount 2019/12/15 v3.6 Data extraction from label references (HO)
) (c:/Users/dank001/AppData/Roaming/TinyTex/texmf-dist/tex/generic/gettitlestring/gettitlestring.sty
Package: gettitlestring 2019/12/15 v1.6 Cleanup title references (HO)
 (c:/Users/dank001/AppData/Roaming/TinyTex/texmf-dist/tex/latex/kvoptions/kvoptions.sty
Package: kvoptions 2022-06-15 v3.15 Key value format for package options (HO)
))
\c@section@level=\count199
)
\@linkdim=\dimen150
\Hy@linkcounter=\count266
\Hy@pagecounter=\count267
 (c:/Users/dank001/AppData/Roaming/TinyTex/texmf-dist/tex/latex/hyperref/pd1enc.def
File: pd1enc.def 2022-11-13 v7.00u Hyperref: PDFDocEncoding definition (HO)
Now handling font encoding PD1 ...
... no UTF-8 mapping file for font encoding PD1
) (c:/Users/dank001/AppData/Roaming/TinyTex/texmf-dist/tex/generic/intcalc/intcalc.sty
Package: intcalc 2019/12/15 v1.3 Expandable calculations with integers (HO)
) (c:/Users/dank001/AppData/Roaming/TinyTex/texmf-dist/tex/generic/etexcmds/etexcmds.sty
Package: etexcmds 2019/12/15 v1.7 Avoid name clashes with e-TeX commands (HO)
)
\Hy@SavedSpaceFactor=\count268
 (c:/Users/dank001/AppData/Roaming/TinyTex/texmf-dist/tex/latex/hyperref/puenc.def
File: puenc.def 2022-11-13 v7.00u Hyperref: PDF Unicode definition (HO)
Now handling font encoding PU ...
... no UTF-8 mapping file for font encoding PU
)
Package hyperref Info: Hyper figures OFF on input line 4162.
Package hyperref Info: Link nesting OFF on input line 4167.
Package hyperref Info: Hyper index ON on input line 4170.
Package hyperref Info: Plain pages OFF on input line 4177.
Package hyperref Info: Backreferencing OFF on input line 4182.
Package hyperref Info: Implicit mode ON; LaTeX internals redefined.
Package hyperref Info: Bookmarks ON on input line 4410.
\c@Hy@tempcnt=\count269
 (c:/Users/dank001/AppData/Roaming/TinyTex/texmf-dist/tex/latex/url/url.sty
\Urlmuskip=\muskip16
Package: url 2013/09/16  ver 3.4  Verb mode for urls, etc.
)
LaTeX Info: Redefining \url on input line 4748.
\XeTeXLinkMargin=\dimen151
 (c:/Users/dank001/AppData/Roaming/TinyTex/texmf-dist/tex/generic/bitset/bitset.sty
Package: bitset 2019/12/09 v1.3 Handle bit-vector datatype (HO)
 (c:/Users/dank001/AppData/Roaming/TinyTex/texmf-dist/tex/generic/bigintcalc/bigintcalc.sty
Package: bigintcalc 2019/12/15 v1.5 Expandable calculations on big integers (HO)
))
\Fld@menulength=\count270
\Field@Width=\dimen152
\Fld@charsize=\dimen153
Package hyperref Info: Hyper figures OFF on input line 6027.
Package hyperref Info: Link nesting OFF on input line 6032.
Package hyperref Info: Hyper index ON on input line 6035.
Package hyperref Info: backreferencing OFF on input line 6042.
Package hyperref Info: Link coloring OFF on input line 6047.
Package hyperref Info: Link coloring with OCG OFF on input line 6052.
Package hyperref Info: PDF/A mode OFF on input line 6057.
 (c:/Users/dank001/AppData/Roaming/TinyTex/texmf-dist/tex/latex/base/atbegshi-ltx.sty
Package: atbegshi-ltx 2021/01/10 v1.0c Emulation of the original atbegshi
package with kernel methods
)
\Hy@abspage=\count271
\c@Item=\count272
\c@Hfootnote=\count273
)
Package hyperref Info: Driver (autodetected): hpdftex.
 (c:/Users/dank001/AppData/Roaming/TinyTex/texmf-dist/tex/latex/hyperref/hpdftex.def
File: hpdftex.def 2022-11-13 v7.00u Hyperref driver for pdfTeX
 (c:/Users/dank001/AppData/Roaming/TinyTex/texmf-dist/tex/latex/base/atveryend-ltx.sty
Package: atveryend-ltx 2020/08/19 v1.0a Emulation of the original atveryend package
with kernel methods
)
\Fld@listcount=\count274
\c@bookmark@seq@number=\count275
 (c:/Users/dank001/AppData/Roaming/TinyTex/texmf-dist/tex/latex/rerunfilecheck/rerunfilecheck.sty
Package: rerunfilecheck 2022-07-10 v1.10 Rerun checks for auxiliary files (HO)
 (c:/Users/dank001/AppData/Roaming/TinyTex/texmf-dist/tex/generic/uniquecounter/uniquecounter.sty
Package: uniquecounter 2019/12/15 v1.4 Provide unlimited unique counter (HO)
)
Package uniquecounter Info: New unique counter `rerunfilecheck' on input line 285.
)
\Hy@SectionHShift=\skip53
) (c:/Users/dank001/AppData/Roaming/TinyTex/texmf-dist/tex/latex/l3backend/l3backend-pdftex.def
File: l3backend-pdftex.def 2022-10-26 L3 backend support: PDF output (pdfTeX)
\l__color_backend_stack_int=\count276
\l__pdf_internal_box=\box53
) (./WUR_approved_propositions.aux)
\openout1 = `WUR_approved_propositions.aux'.

LaTeX Font Info:    Checking defaults for OML/cmm/m/it on input line 6.
LaTeX Font Info:    ... okay on input line 6.
LaTeX Font Info:    Checking defaults for OMS/cmsy/m/n on input line 6.
LaTeX Font Info:    ... okay on input line 6.
LaTeX Font Info:    Checking defaults for OT1/cmr/m/n on input line 6.
LaTeX Font Info:    ... okay on input line 6.
LaTeX Font Info:    Checking defaults for T1/cmr/m/n on input line 6.
LaTeX Font Info:    ... okay on input line 6.
LaTeX Font Info:    Checking defaults for TS1/cmr/m/n on input line 6.
LaTeX Font Info:    ... okay on input line 6.
LaTeX Font Info:    Checking defaults for OMX/cmex/m/n on input line 6.
LaTeX Font Info:    ... okay on input line 6.
LaTeX Font Info:    Checking defaults for U/cmr/m/n on input line 6.
LaTeX Font Info:    ... okay on input line 6.
LaTeX Font Info:    Checking defaults for PD1/pdf/m/n on input line 6.
LaTeX Font Info:    ... okay on input line 6.
LaTeX Font Info:    Checking defaults for PU/pdf/m/n on input line 6.
LaTeX Font Info:    ... okay on input line 6.
 (c:/Users/dank001/AppData/Roaming/TinyTex/texmf-dist/tex/latex/epstopdf-pkg/epstopdf-base.sty
Package: epstopdf-base 2020-01-24 v2.11 Base part for package epstopdf
Package epstopdf-base Info: Redefining graphics rule for `.eps' on input line 485.
 (c:/Users/dank001/AppData/Roaming/TinyTex/texmf-dist/tex/latex/latexconfig/epstopdf-sys.cfg
File: epstopdf-sys.cfg 2010/07/13 v1.3 Configuration of (r)epstopdf for TeX Live
)) (c:/Users/dank001/AppData/Roaming/TinyTex/texmf-dist/tex/latex/pdflscape/pdflscape.sty
Package: pdflscape 2022-10-27 v0.13 Display of landscape pages in PDF
 (c:/Users/dank001/AppData/Roaming/TinyTex/texmf-dist/tex/latex/pdflscape/pdflscape-nometadata.sty
Package: pdflscape-nometadata 2022-10-28 v0.13 Display of landscape pages in PDF (HO)
 (c:/Users/dank001/AppData/Roaming/TinyTex/texmf-dist/tex/latex/graphics/lscape.sty
Package: lscape 2020/05/28 v3.02 Landscape Pages (DPC)
)
Package pdflscape Info: Auto-detected driver: pdftex on input line 81.
))
Package hyperref Info: Link coloring OFF on input line 6.
 (./WUR_approved_propositions.out) (./WUR_approved_propositions.out)
\@outlinefile=\write3
\openout3 = `WUR_approved_propositions.out'.



pdfTeX warning: pdflatex.exe (file ../front-and-back-matter/_front_test.pdf): PDF inclusion: found PDF version <1.7>, but at most version <1.5> allowed
<../front-and-back-matter/_front_test.pdf, id=4, 597.55246pt x 845.07718pt>
File: ../front-and-back-matter/_front_test.pdf Graphic file (type pdf)
<use ../front-and-back-matter/_front_test.pdf>
Package pdftex.def Info: ../front-and-back-matter/_front_test.pdf  used on input line 11.
(pdftex.def)             Requested size: 597.551pt x 845.07512pt.


pdfTeX warning: pdflatex.exe (file ../front-and-back-matter/_front_test.pdf): PDF inclusion: found PDF version <1.7>, but at most version <1.5> allowed
File: ../front-and-back-matter/_front_test.pdf Graphic file (type pdf)
<use ../front-and-back-matter/_front_test.pdf>
Package pdftex.def Info: ../front-and-back-matter/_front_test.pdf  used on input line 11.
(pdftex.def)             Requested size: 597.551pt x 845.07512pt.


pdfTeX warning: pdflatex.exe (file ../front-and-back-matter/_front_test.pdf): PDF inclusion: found PDF version <1.7>, but at most version <1.5> allowed


pdfTeX warning: pdflatex.exe (file ../front-and-back-matter/_front_test.pdf): PDF inclusion: found PDF version <1.7>, but at most version <1.5> allowed
<../front-and-back-matter/_front_test.pdf, id=7, page=1, 597.55246pt x 845.07718pt>
File: ../front-and-back-matter/_front_test.pdf Graphic file (type pdf)
<use ../front-and-back-matter/_front_test.pdf, page 1>
Package pdftex.def Info: ../front-and-back-matter/_front_test.pdf , page1 used on input line 11.
(pdftex.def)             Requested size: 597.551pt x 845.07512pt.
File: ../front-and-back-matter/_front_test.pdf Graphic file (type pdf)
<use ../front-and-back-matter/_front_test.pdf, page 1>
Package pdftex.def Info: ../front-and-back-matter/_front_test.pdf , page1 used on input line 11.
(pdftex.def)             Requested size: 597.57834pt x 845.1138pt.
File: ../front-and-back-matter/_front_test.pdf Graphic file (type pdf)
<use ../front-and-back-matter/_front_test.pdf, page 1>
Package pdftex.def Info: ../front-and-back-matter/_front_test.pdf , page1 used on input line 11.
(pdftex.def)             Requested size: 597.57834pt x 845.1138pt.
File: ../front-and-back-matter/_front_test.pdf Graphic file (type pdf)
<use ../front-and-back-matter/_front_test.pdf, page 1>
Package pdftex.def Info: ../front-and-back-matter/_front_test.pdf , page1 used on input line 11.
(pdftex.def)             Requested size: 597.57834pt x 845.1138pt.
File: ../front-and-back-matter/_front_test.pdf Graphic file (type pdf)
<use ../front-and-back-matter/_front_test.pdf, page 1>
Package pdftex.def Info: ../front-and-back-matter/_front_test.pdf , page1 used on input line 11.
(pdftex.def)             Requested size: 597.57834pt x 845.1138pt.
[1

 <../front-and-back-matter/_front_test.pdf>]
LaTeX Font Info:    External font `cmex10' loaded for size
(Font)              <7> on input line 46.
LaTeX Font Info:    External font `cmex10' loaded for size
(Font)              <5> on input line 46.
 [2{c:/Users/dank001/AppData/Roaming/TinyTex/texmf-var/fonts/map/pdftex/updmap/pdftex.map}] [3]
Overfull \hbox (38.77463pt too wide) in paragraph at lines 66--89
[][] 
 []

[4] [5] [6] (./WUR_approved_propositions.aux)
Package rerunfilecheck Info: File `WUR_approved_propositions.out' has not changed.
(rerunfilecheck)             Checksum: D41D8CD98F00B204E9800998ECF8427E;0.
 ) 
Here is how much of TeX's memory you used:
 9177 strings out of 477960
 150178 string characters out of 5835737
 1853787 words of memory out of 5000000
 29196 multiletter control sequences out of 15000+600000
 514969 words of font info for 41 fonts, out of 8000000 for 9000
 59 hyphenation exceptions out of 8191
 72i,17n,77p,267b,557s stack positions out of 10000i,1000n,20000p,200000b,200000s
<c:/Users/dank001/AppData/Roaming/TinyTex/texmf-dist/fonts/type1/public/amsfonts/cm/cmbx10.pfb><c:/Users/dank001/AppData/Roaming/TinyTex/texmf-dist/fonts/type1/public/amsfonts/cm/cmbx12.pfb><c:/Users/dank001/AppData/Roaming/TinyTex/texmf-dist/fonts/type1/public/amsfonts/cm/cmbxti10.pfb><c:/Users/dank001/AppData/Roaming/TinyTex/texmf-dist/fonts/type1/public/amsfonts/cm/cmmi7.pfb><c:/Users/dank001/AppData/Roaming/TinyTex/texmf-dist/fonts/type1/public/amsfonts/cm/cmr10.pfb><c:/Users/dank001/AppData/Roaming/TinyTex/texmf-dist/fonts/type1/public/amsfonts/cm/cmr12.pfb><c:/Users/dank001/AppData/Roaming/TinyTex/texmf-dist/fonts/type1/public/amsfonts/cm/cmr9.pfb><c:/Users/dank001/AppData/Roaming/TinyTex/texmf-dist/fonts/type1/public/amsfonts/cm/cmti10.pfb><c:/Users/dank001/AppData/Roaming/TinyTex/texmf-dist/fonts/type1/public/amsfonts/cm/cmtt10.pfb>
Output written on WUR_approved_propositions.pdf (6 pages, 141710 bytes).
PDF statistics:
 101 PDF objects out of 1000 (max. 8388607)
 68 compressed objects within 1 object stream
 13 named destinations out of 1000 (max. 500000)
 21 words of extra memory for PDF output out of 10000 (max. 10000000)

