This is LuaHBTeX, Version 1.15.0 (TeX Live 2022)  (format=lualatex 2023.2.15)  16 FEB 2023 21:49
 restricted system commands enabled.
**Voorbeeld.tex
(./Voorbeeld.tex
LaTeX2e <2022-11-01> patch level 1
Lua module: luaotfload 2022-10-03 3.23 Lua based OpenType font support
Lua module: lualibs 2022-10-04 2.75 ConTeXt Lua standard libraries.
Lua module: lualibs-extended 2022-10-04 2.75 ConTeXt Lua libraries -- extended collection.
luaotfload | conf : Root cache directory is "C:/Users/dank001/AppData/Roaming/TinyTex/texmf-var/luatex-cache/generic/names".
luaotfload | init : Loading fontloader "fontloader-2022-10-03.lua" from kpse-resolved path "c:/Users/dank001/AppData/Roaming/TinyTex/texmf-dist/tex/luatex/luaotfload/fontloader-2022-10-03.lua".
Lua-only attribute luaotfload@noligature = 1
luaotfload | init : Context OpenType loader version 3.120
Inserting `luaotfload.node_processor' in `pre_linebreak_filter'.
Inserting `luaotfload.node_processor' in `hpack_filter'.
Inserting `luaotfload.glyph_stream' in `glyph_stream_provider'.
Inserting `luaotfload.define_font' in `define_font'.
Lua-only attribute luaotfload_color_attribute = 2
luaotfload | conf : Root cache directory is "C:/Users/dank001/AppData/Roaming/TinyTex/texmf-var/luatex-cache/generic/names".
Inserting `luaotfload.harf.strip_prefix' in `find_opentype_file'.
Inserting `luaotfload.harf.strip_prefix' in `find_truetype_file'.
Removing  `luaotfload.glyph_stream' from `glyph_stream_provider'.
Inserting `luaotfload.harf.glyphstream' in `glyph_stream_provider'.
Inserting `luaotfload.harf.finalize_vlist' in `post_linebreak_filter'.
Inserting `luaotfload.harf.finalize_hlist' in `hpack_filter'.
Inserting `luaotfload.cleanup_files' in `wrapup_run'.
Inserting `luaotfload.harf.finalize_unicode' in `finish_pdffile'.
Inserting `luaotfload.glyphinfo' in `glyph_info'.
Lua-only attribute luaotfload.letterspace_done = 3
Inserting `luaotfload.aux.set_sscale_dimens' in `luaotfload.patch_font'.
Inserting `luaotfload.aux.set_font_index' in `luaotfload.patch_font'.
Inserting `luaotfload.aux.patch_cambria_domh' in `luaotfload.patch_font'.
Inserting `luaotfload.aux.fixup_fontdata' in `luaotfload.patch_font_unsafe'.
Inserting `luaotfload.aux.set_capheight' in `luaotfload.patch_font'.
Inserting `luaotfload.aux.set_xheight' in `luaotfload.patch_font'.
Inserting `luaotfload.rewrite_fontname' in `luaotfload.patch_font'. L3 programming layer <2023-02-07>
Inserting `tracingstacklevels' in `input_level_string'. (./templates/ociamthesis.cls
Document Class: templates/ociamthesis 2015/04/30 Oxford thesis class
(c:/Users/dank001/AppData/Roaming/TinyTex/texmf-dist/tex/latex/base/report.cls
Document Class: report 2022/07/02 v1.4n Standard LaTeX document class
(c:/Users/dank001/AppData/Roaming/TinyTex/texmf-dist/tex/latex/base/size12.clo
File: size12.clo 2022/07/02 v1.4n Standard LaTeX file (size option)
luaotfload | db : Font names database loaded from C:/Users/dank001/AppData/Roaming/TinyTex/texmf-var/luatex-cache/generic/names/luaotfload-names.luc.gz)
\c@part=\count183
\c@chapter=\count184
\c@section=\count185
\c@subsection=\count186
\c@subsubsection=\count187
\c@paragraph=\count188
\c@subparagraph=\count189
\c@figure=\count190
\c@table=\count191
\abovecaptionskip=\skip48
\belowcaptionskip=\skip49
\bibindent=\dimen139
)
\singlebaselineskip=\skip50
\frontmatterbaselineskip=\skip51
\textbaselineskip=\skip52
(c:/Users/dank001/AppData/Roaming/TinyTex/texmf-dist/tex/latex/varwidth/varwidth.sty
Package: varwidth 2009/03/30 ver 0.92;  Variable-width minipages
\@vwid@box=\box51
\sift@deathcycles=\count192
\@vwid@loff=\dimen140
\@vwid@roff=\dimen141
) (c:/Users/dank001/AppData/Roaming/TinyTex/texmf-dist/tex/latex/geometry/geometry.sty
Package: geometry 2020/01/02 v5.9 Page Geometry
(c:/Users/dank001/AppData/Roaming/TinyTex/texmf-dist/tex/latex/graphics/keyval.sty
Package: keyval 2022/05/29 v1.15 key=value parser (DPC)
\KV@toks@=\toks16
) (c:/Users/dank001/AppData/Roaming/TinyTex/texmf-dist/tex/generic/iftex/ifvtex.sty
Package: ifvtex 2019/10/25 v1.7 ifvtex legacy package. Use iftex instead.
(c:/Users/dank001/AppData/Roaming/TinyTex/texmf-dist/tex/generic/iftex/iftex.sty
Package: iftex 2022/02/03 v1.0f TeX engine tests
))
\Gm@cnth=\count193
\Gm@cntv=\count194
\c@Gm@tempcnt=\count195
\Gm@bindingoffset=\dimen142
\Gm@wd@mp=\dimen143
\Gm@odd@mp=\dimen144
\Gm@even@mp=\dimen145
\Gm@layoutwidth=\dimen146
\Gm@layoutheight=\dimen147
\Gm@layouthoffset=\dimen148
\Gm@layoutvoffset=\dimen149
\Gm@dimlist=\toks17
) (c:/Users/dank001/AppData/Roaming/TinyTex/texmf-dist/tex/latex/xcolor/xcolor.sty
Package: xcolor 2022/06/12 v2.14 LaTeX color extensions (UK)
(c:/Users/dank001/AppData/Roaming/TinyTex/texmf-dist/tex/latex/graphics-cfg/color.cfg
File: color.cfg 2016/01/02 v1.6 sample color configuration
)
Package xcolor Info: Driver file: luatex.def on input line 227.
(c:/Users/dank001/AppData/Roaming/TinyTex/texmf-dist/tex/latex/graphics-def/luatex.def
File: luatex.def 2022/09/22 v1.2d Graphics/color driver for luatex
) (c:/Users/dank001/AppData/Roaming/TinyTex/texmf-dist/tex/latex/graphics/mathcolor.ltx)
Package xcolor Info: Model `cmy' substituted by `cmy0' on input line 1353.
Package xcolor Info: Model `hsb' substituted by `rgb' on input line 1357.
Package xcolor Info: Model `RGB' extended on input line 1369.
Package xcolor Info: Model `HTML' substituted by `rgb' on input line 1371.
Package xcolor Info: Model `Hsb' substituted by `hsb' on input line 1372.
Package xcolor Info: Model `tHsb' substituted by `hsb' on input line 1373.
Package xcolor Info: Model `HSB' substituted by `hsb' on input line 1374.
Package xcolor Info: Model `Gray' substituted by `gray' on input line 1375.
Package xcolor Info: Model `wave' substituted by `hsb' on input line 1376.
) (c:/Users/dank001/AppData/Roaming/TinyTex/texmf-dist/tex/latex/graphics/graphicx.sty
Package: graphicx 2021/09/16 v1.2d Enhanced LaTeX Graphics (DPC,SPQR)
(c:/Users/dank001/AppData/Roaming/TinyTex/texmf-dist/tex/latex/graphics/graphics.sty
Package: graphics 2022/03/10 v1.4e Standard LaTeX Graphics (DPC,SPQR)
(c:/Users/dank001/AppData/Roaming/TinyTex/texmf-dist/tex/latex/graphics/trig.sty
Package: trig 2021/08/11 v1.11 sin cos tan (DPC)
) (c:/Users/dank001/AppData/Roaming/TinyTex/texmf-dist/tex/latex/graphics-cfg/graphics.cfg
File: graphics.cfg 2016/06/04 v1.11 sample graphics configuration
)
Package graphics Info: Driver file: luatex.def on input line 107.
)
\Gin@req@height=\dimen150
\Gin@req@width=\dimen151
) (c:/Users/dank001/AppData/Roaming/TinyTex/texmf-dist/tex/latex/microtype/microtype.sty
Package: microtype 2022/06/23 v3.0f Micro-typographical refinements (RS)
(c:/Users/dank001/AppData/Roaming/TinyTex/texmf-dist/tex/latex/etoolbox/etoolbox.sty
Package: etoolbox 2020/10/05 v2.5k e-TeX tools for LaTeX (JAW)
\etb@tempcnta=\count196
)
\MT@toks=\toks18
\MT@tempbox=\box52
\MT@count=\count197
LaTeX Info: Redefining \noprotrusionifhmode on input line 1045.
LaTeX Info: Redefining \leftprotrusion on input line 1046.
LaTeX Info: Redefining \rightprotrusion on input line 1056.
LaTeX Info: Redefining \textls on input line 1234.
\MT@outer@kern=\dimen152
LaTeX Info: Redefining \textmicrotypecontext on input line 1858.
\MT@listname@count=\count198
(c:/Users/dank001/AppData/Roaming/TinyTex/texmf-dist/tex/latex/microtype/microtype-luatex.def
File: microtype-luatex.def 2022/06/23 v3.0f Definitions specific to luatex (RS)
Lua module: microtype 2022/06/23 3.0f microtype module.
Module microtype Info: overwriting function `keepligature' on input line 63
LaTeX Info: Redefining \lsstyle on input line 686.
LaTeX Info: Redefining \lslig on input line 686.
\MT@outer@space=\skip53
)
Package microtype Info: Loading configuration file microtype.cfg.
(c:/Users/dank001/AppData/Roaming/TinyTex/texmf-dist/tex/latex/microtype/microtype.cfg
File: microtype.cfg 2022/06/23 v3.0f microtype main configuration file (RS)
)) (c:/Users/dank001/AppData/Roaming/TinyTex/texmf-dist/tex/latex/units/nicefrac.sty
Package: nicefrac 1998/08/04 v0.9b Nice fractions
\L@UnitsRaiseDisplaystyle=\skip54
\L@UnitsRaiseTextstyle=\skip55
\L@UnitsRaiseScriptstyle=\skip56
(c:/Users/dank001/AppData/Roaming/TinyTex/texmf-dist/tex/latex/base/ifthen.sty
Package: ifthen 2022/04/13 v1.1d Standard LaTeX ifthen package (DPC)
)) (c:/Users/dank001/AppData/Roaming/TinyTex/texmf-dist/tex/latex/amsmath/amsmath.sty
Package: amsmath 2022/04/08 v2.17n AMS math features
\@mathmargin=\skip57
For additional information on amsmath, use the `?' option.
(c:/Users/dank001/AppData/Roaming/TinyTex/texmf-dist/tex/latex/amsmath/amstext.sty
Package: amstext 2021/08/26 v2.01 AMS text
(c:/Users/dank001/AppData/Roaming/TinyTex/texmf-dist/tex/latex/amsmath/amsgen.sty
File: amsgen.sty 1999/11/30 v2.0 generic functions
\@emptytoks=\toks19
\ex@=\dimen153
)) (c:/Users/dank001/AppData/Roaming/TinyTex/texmf-dist/tex/latex/amsmath/amsbsy.sty
Package: amsbsy 1999/11/29 v1.2d Bold Symbols
\pmbraise@=\dimen154
) (c:/Users/dank001/AppData/Roaming/TinyTex/texmf-dist/tex/latex/amsmath/amsopn.sty
Package: amsopn 2022/04/08 v2.04 operator names
)
\inf@bad=\count199
LaTeX Info: Redefining \frac on input line 236.
\uproot@=\count266
\leftroot@=\count267
LaTeX Info: Redefining \overline on input line 399.
LaTeX Info: Redefining \colon on input line 410.
\classnum@=\count268
\DOTSCASE@=\count269
LaTeX Info: Redefining \ldots on input line 496.
LaTeX Info: Redefining \dots on input line 499.
LaTeX Info: Redefining \cdots on input line 620.
\Mathstrutbox@=\box53
\strutbox@=\box54
LaTeX Info: Redefining \big on input line 722.
LaTeX Info: Redefining \Big on input line 723.
LaTeX Info: Redefining \bigg on input line 724.
LaTeX Info: Redefining \Bigg on input line 725.
\big@size=\dimen155
LaTeX Font Info:    Redeclaring font encoding OML on input line 743.
LaTeX Font Info:    Redeclaring font encoding OMS on input line 744.
\macc@depth=\count270
LaTeX Info: Redefining \bmod on input line 905.
LaTeX Info: Redefining \pmod on input line 910.
LaTeX Info: Redefining \smash on input line 940.
LaTeX Info: Redefining \relbar on input line 970.
LaTeX Info: Redefining \Relbar on input line 971.
\c@MaxMatrixCols=\count271
\dotsspace@=\muskip16
\c@parentequation=\count272
\dspbrk@lvl=\count273
\tag@help=\toks20
\row@=\count274
\column@=\count275
\maxfields@=\count276
\andhelp@=\toks21
\eqnshift@=\dimen156
\alignsep@=\dimen157
\tagshift@=\dimen158
\tagwidth@=\dimen159
\totwidth@=\dimen160
\lineht@=\dimen161
\@envbody=\toks22
\multlinegap=\skip58
\multlinetaggap=\skip59
\mathdisplay@stack=\toks23
LaTeX Info: Redefining \[ on input line 2953.
LaTeX Info: Redefining \] on input line 2954.
) (c:/Users/dank001/AppData/Roaming/TinyTex/texmf-dist/tex/latex/amsfonts/amssymb.sty
Package: amssymb 2013/01/14 v3.01 AMS font symbols
(c:/Users/dank001/AppData/Roaming/TinyTex/texmf-dist/tex/latex/amsfonts/amsfonts.sty
Package: amsfonts 2013/01/14 v3.01 Basic AMSFonts support
\symAMSa=\mathgroup4
\symAMSb=\mathgroup5
LaTeX Font Info:    Redeclaring math symbol \hbar on input line 98.
LaTeX Font Info:    Overwriting math alphabet `\mathfrak' in version `bold'
(Font)                  U/euf/m/n --> U/euf/b/n on input line 106.
)) (c:/Users/dank001/AppData/Roaming/TinyTex/texmf-dist/tex/latex/base/textcomp.sty
Package: textcomp 2020/02/02 v2.0n Standard LaTeX package
) (c:/Users/dank001/AppData/Roaming/TinyTex/texmf-dist/tex/latex/tools/longtable.sty
Package: longtable 2021-09-01 v4.17 Multi-page Table package (DPC)
\LTleft=\skip60
\LTright=\skip61
\LTpre=\skip62
\LTpost=\skip63
\LTchunksize=\count277
\LTcapwidth=\dimen162
\LT@head=\box55
\LT@firsthead=\box56
\LT@foot=\box57
\LT@lastfoot=\box58
\LT@gbox=\box59
\LT@cols=\count278
\LT@rows=\count279
\c@LT@tables=\count280
\c@LT@chunks=\count281
\LT@p@ftn=\toks24
) (c:/Users/dank001/AppData/Roaming/TinyTex/texmf-dist/tex/latex/caption/caption.sty
Package: caption 2022/03/01 v3.6b Customizing captions (AR)
(c:/Users/dank001/AppData/Roaming/TinyTex/texmf-dist/tex/latex/caption/caption3.sty
Package: caption3 2022/03/17 v2.3b caption3 kernel (AR)
\caption@tempdima=\dimen163
\captionmargin=\dimen164
\caption@leftmargin=\dimen165
\caption@rightmargin=\dimen166
\caption@width=\dimen167
\caption@indent=\dimen168
\caption@parindent=\dimen169
\caption@hangindent=\dimen170
Package caption Info: Standard document class detected.
)
\c@caption@flags=\count282
\c@continuedfloat=\count283
Package caption Info: longtable package is loaded.
(c:/Users/dank001/AppData/Roaming/TinyTex/texmf-dist/tex/latex/caption/ltcaption.sty
Package: ltcaption 2021/01/08 v1.4c longtable captions (AR)
)) (c:/Users/dank001/AppData/Roaming/TinyTex/texmf-dist/tex/latex/tools/multicol.sty
Package: multicol 2021/11/30 v1.9d multicolumn formatting (FMi)
\c@tracingmulticols=\count284
\mult@box=\box60
\multicol@leftmargin=\dimen171
\c@unbalance=\count285
\c@collectmore=\count286
\doublecol@number=\count287
\multicoltolerance=\count288
\multicolpretolerance=\count289
\full@width=\dimen172
\page@free=\dimen173
\premulticols=\dimen174
\postmulticols=\dimen175
\multicolsep=\skip64
\multicolbaselineskip=\skip65
\partial@page=\box61
\last@line=\box62
\maxbalancingoverflow=\dimen176
\mult@rightbox=\box63
\mult@grightbox=\box64
\mult@firstbox=\box65
\mult@gfirstbox=\box66
\@tempa=\box67
\@tempa=\box68
\@tempa=\box69
\@tempa=\box70
\@tempa=\box71
\@tempa=\box72
\@tempa=\box73
\@tempa=\box74
\@tempa=\box75
\@tempa=\box76
\@tempa=\box77
\@tempa=\box78
\@tempa=\box79
\@tempa=\box80
\@tempa=\box81
\@tempa=\box82
\@tempa=\box83
\@tempa=\box84
\@tempa=\box85
\@tempa=\box86
\@tempa=\box87
\@tempa=\box88
\@tempa=\box89
\@tempa=\box90
\@tempa=\box91
\@tempa=\box92
\@tempa=\box93
\@tempa=\box94
\@tempa=\box95
\@tempa=\box96
\@tempa=\box97
\@tempa=\box98
\@tempa=\box99
\@tempa=\box100
\@tempa=\box101
\@tempa=\box102
\c@minrows=\count290
\c@columnbadness=\count291
\c@finalcolumnbadness=\count292
\last@try=\dimen177
\multicolovershoot=\dimen178
\multicolundershoot=\dimen179
\mult@nat@firstbox=\box103
\colbreak@box=\box104
\mc@col@check@num=\count293
) (c:/Users/dank001/AppData/Roaming/TinyTex/texmf-dist/tex/latex/multirow/multirow.sty
Package: multirow 2021/03/15 v2.8 Span multiple rows of a table
\multirow@colwidth=\skip66
\multirow@cntb=\count294
\multirow@dima=\skip67
\bigstrutjot=\dimen180
) (c:/Users/dank001/AppData/Roaming/TinyTex/texmf-dist/tex/latex/tools/array.sty
Package: array 2022/09/04 v2.5g Tabular extension package (FMi)
\col@sep=\dimen181
\ar@mcellbox=\box105
\extrarowheight=\dimen182
\NC@list=\toks25
\extratabsurround=\skip68
\backup@length=\skip69
\ar@cellbox=\box106
) (c:/Users/dank001/AppData/Roaming/TinyTex/texmf-dist/tex/latex/graphics/rotating.sty
Package: rotating 2016/08/11 v2.16d rotated objects in LaTeX
\c@r@tfl@t=\count295
\rotFPtop=\skip70
\rotFPbot=\skip71
\rot@float@box=\box107
\rot@mess@toks=\toks26
) (c:/Users/dank001/AppData/Roaming/TinyTex/texmf-dist/tex/latex/booktabs/booktabs.sty
Package: booktabs 2020/01/12 v1.61803398 Publication quality tables
\heavyrulewidth=\dimen183
\lightrulewidth=\dimen184
\cmidrulewidth=\dimen185
\belowrulesep=\dimen186
\belowbottomsep=\dimen187
\aboverulesep=\dimen188
\abovetopsep=\dimen189
\cmidrulesep=\dimen190
\cmidrulekern=\dimen191
\defaultaddspace=\dimen192
\@cmidla=\count296
\@cmidlb=\count297
\@aboverulesep=\dimen193
\@belowrulesep=\dimen194
\@thisruleclass=\count298
\@lastruleclass=\count299
\@thisrulewidth=\dimen195
) (c:/Users/dank001/AppData/Roaming/TinyTex/texmf-dist/tex/latex/pdfpages/pdfpages.sty
Package: pdfpages 2022/12/19 v0.5x Insert pages of external PDF documents (AM)
(c:/Users/dank001/AppData/Roaming/TinyTex/texmf-dist/tex/latex/tools/calc.sty
Package: calc 2017/05/25 v4.3 Infix arithmetic (KKT,FJ)
\calc@Acount=\count300
\calc@Bcount=\count301
\calc@Adimen=\dimen196
\calc@Bdimen=\dimen197
\calc@Askip=\skip72
\calc@Bskip=\skip73
LaTeX Info: Redefining \setlength on input line 80.
LaTeX Info: Redefining \addtolength on input line 81.
\calc@Ccount=\count302
\calc@Cskip=\skip74
) (c:/Users/dank001/AppData/Roaming/TinyTex/texmf-dist/tex/latex/eso-pic/eso-pic.sty
Package: eso-pic 2020/10/14 v3.0a eso-pic (RN)
\ESO@tempdima=\dimen198
\ESO@tempdimb=\dimen199
)
\AM@pagewidth=\dimen256
\AM@pageheight=\dimen257
\AM@fboxrule=\dimen258
(c:/Users/dank001/AppData/Roaming/TinyTex/texmf-dist/tex/latex/pdfpages/ppluatex.def
File: ppluatex.def 2022/12/19 v0.5x Pdfpages driver for LuaTeX (AM)
)
\pdfpages@includegraphics@status=\count303
\AM@pagebox=\box108
\AM@global@opts=\toks27
\AM@pagecnt=\count304
\AM@toc@title=\toks28
\AM@lof@heading=\toks29
\c@AM@survey=\count305
\AM@templatesizebox=\box109
) (c:/Users/dank001/AppData/Roaming/TinyTex/texmf-dist/tex/latex/l3packages/xfrac/xfrac.sty (c:/Users/dank001/AppData/Roaming/TinyTex/texmf-dist/tex/latex/l3kernel/expl3.sty
Package: expl3 2023-02-07 L3 programming layer (loader) 
(c:/Users/dank001/AppData/Roaming/TinyTex/texmf-dist/tex/latex/l3backend/l3backend-luatex.def
File: l3backend-luatex.def 2023-01-16 L3 backend support: PDF output (LuaTeX)
\l__color_backend_stack_int=\count306
\l__pdf_internal_box=\box110
)) (c:/Users/dank001/AppData/Roaming/TinyTex/texmf-dist/tex/latex/l3packages/l3keys2e/l3keys2e.sty
Package: l3keys2e 2023-02-02 LaTeX2e option processing using LaTeX3 keys
) (c:/Users/dank001/AppData/Roaming/TinyTex/texmf-dist/tex/latex/l3packages/xparse/xparse.sty
Package: xparse 2023-02-02 L3 Experimental document command parser
) (c:/Users/dank001/AppData/Roaming/TinyTex/texmf-dist/tex/latex/l3packages/xtemplate/xtemplate.sty
Package: xtemplate 2023-02-02 L3 Experimental prototype document functions
\l__xtemplate_tmp_dim=\dimen259
\l__xtemplate_tmp_int=\count307
\l__xtemplate_tmp_muskip=\muskip17
\l__xtemplate_tmp_skip=\skip75
)
Package: xfrac 2023-02-02 L3 Experimental split-level fractions
\l__xfrac_slash_box=\box111
\l__xfrac_tmp_box=\box112
\l__xfrac_denominator_bot_sep_dim=\dimen260
\l__xfrac_numerator_bot_sep_dim=\dimen261
\l__xfrac_numerator_top_sep_dim=\dimen262
\l__xfrac_slash_left_sep_dim=\dimen263
\l__xfrac_slash_right_sep_dim=\dimen264
\l__xfrac_slash_left_muskip=\muskip18
\l__xfrac_slash_right_muskip=\muskip19

Package xtemplate Info: Declaring object type 'xfrac' taking 3 argument(s) on
(xtemplate)             line 80.

) (c:/Users/dank001/AppData/Roaming/TinyTex/texmf-dist/tex/latex/enumitem/enumitem.sty
Package: enumitem 2019/06/20 v3.9 Customized lists
\labelindent=\skip76
\enit@outerparindent=\dimen265
\enit@toks=\toks30
\enit@inbox=\box113
\enit@count@id=\count308
\enitdp@description=\count309
) (c:/Users/dank001/AppData/Roaming/TinyTex/texmf-dist/tex/latex/tools/dcolumn.sty
Package: dcolumn 2014/10/28 v1.06 decimal alignment package (DPC)
) (c:/Users/dank001/AppData/Roaming/TinyTex/texmf-dist/tex/latex/appendix/appendix.sty
Package: appendix 2020/02/08 v1.2c extra appendix facilities
\c@@pps=\count310
\c@@ppsavesec=\count311
\c@@ppsaveapp=\count312
) (c:/Users/dank001/AppData/Roaming/TinyTex/texmf-dist/tex/latex/notoccite/notoccite.sty
Package: notoccite 2000/07/20
) (c:/Users/dank001/AppData/Roaming/TinyTex/texmf-dist/tex/latex/minitoc/minitoc.sty
Package: minitoc 2018/07/12 v62 Package minitoc
(c:/Users/dank001/AppData/Roaming/TinyTex/texmf-dist/tex/latex/minitoc/mtcmess.sty
Package: mtcmess 2006/03/14
)
Package minitoc Info: I0001
(minitoc)             *** minitoc package, version 62 ***.
\tf@mtc=\write3
\mtcindent=\skip77
\mtcskipamount=\skip78
Package minitoc Info: I0005
(minitoc)             compatible with hyperref.
Package minitoc Info: I0023
(minitoc)             part level macros available.
Package minitoc Info: I0003
(minitoc)             chapter level macros available.
\mtc@toks=\toks31
\mtc@strutbox=\box114
\mtc@hstrutbox=\box115
Package minitoc Info: I0002
(minitoc)             Autoconfiguration of extensions.

\openout3 = Voorbeeld.mtc0

\openout3 = Voorbeeld.mtc
(./Voorbeeld.mtc0)
Package minitoc Info: I0012
(minitoc)             Long extensions (Unix-like) will be used.
Package minitoc Info: I0031
(minitoc)             ==> this version is configured for UNIX-like 
(minitoc)                 (long extensions) file names.

\openout3 = Voorbeeld.mtc

\openout3 = Voorbeeld.mtc0
\c@mtc=\count313
\c@minitocdepth=\count314
\c@ptc=\count315
\c@parttocdepth=\count316
\ptcindent=\skip79
Package minitoc Info: I0010
(minitoc)             The english language is selected.
(minitoc)              on input line 4910.
(c:/Users/dank001/AppData/Roaming/TinyTex/texmf-dist/tex/latex/minitoc/english.mld
File: english.mld 2006/01/13
) (c:/Users/dank001/AppData/Roaming/TinyTex/texmf-dist/tex/latex/minitoc/english.mld
File: english.mld 2006/01/13
)) (c:/Users/dank001/AppData/Roaming/TinyTex/texmf-dist/tex/latex/quotchap/quotchap.sty
Package: quotchap 2020/11/13 v1.3 Decorative Chapter Headings with Quotes
\@quotebox=\box116
) (c:/Users/dank001/AppData/Roaming/TinyTex/texmf-dist/tex/latex/tocbibind/tocbibind.sty
Package: tocbibind 2010/10/13 v1.5k extra ToC listings
Package tocbibind Info: The document has chapter divisions on input line 50.

Package tocbibind Note: Using chapter style headings, unless overridden.

) (c:/Users/dank001/AppData/Roaming/TinyTex/texmf-dist/tex/latex/lm/lmodern.sty
Package: lmodern 2015/05/01 v1.6.1 Latin Modern Fonts
LaTeX Font Info:    Overwriting symbol font `operators' in version `normal'
(Font)                  OT1/cmr/m/n --> OT1/lmr/m/n on input line 22.
LaTeX Font Info:    Overwriting symbol font `letters' in version `normal'
(Font)                  OML/cmm/m/it --> OML/lmm/m/it on input line 23.
LaTeX Font Info:    Overwriting symbol font `symbols' in version `normal'
(Font)                  OMS/cmsy/m/n --> OMS/lmsy/m/n on input line 24.
LaTeX Font Info:    Overwriting symbol font `largesymbols' in version `normal'
(Font)                  OMX/cmex/m/n --> OMX/lmex/m/n on input line 25.
LaTeX Font Info:    Overwriting symbol font `operators' in version `bold'
(Font)                  OT1/cmr/bx/n --> OT1/lmr/bx/n on input line 26.
LaTeX Font Info:    Overwriting symbol font `letters' in version `bold'
(Font)                  OML/cmm/b/it --> OML/lmm/b/it on input line 27.
LaTeX Font Info:    Overwriting symbol font `symbols' in version `bold'
(Font)                  OMS/cmsy/b/n --> OMS/lmsy/b/n on input line 28.
LaTeX Font Info:    Overwriting symbol font `largesymbols' in version `bold'
(Font)                  OMX/cmex/m/n --> OMX/lmex/m/n on input line 29.
LaTeX Font Info:    Overwriting math alphabet `\mathbf' in version `normal'
(Font)                  OT1/cmr/bx/n --> OT1/lmr/bx/n on input line 31.
LaTeX Font Info:    Overwriting math alphabet `\mathsf' in version `normal'
(Font)                  OT1/cmss/m/n --> OT1/lmss/m/n on input line 32.
LaTeX Font Info:    Overwriting math alphabet `\mathit' in version `normal'
(Font)                  OT1/cmr/m/it --> OT1/lmr/m/it on input line 33.
LaTeX Font Info:    Overwriting math alphabet `\mathtt' in version `normal'
(Font)                  OT1/cmtt/m/n --> OT1/lmtt/m/n on input line 34.
LaTeX Font Info:    Overwriting math alphabet `\mathbf' in version `bold'
(Font)                  OT1/cmr/bx/n --> OT1/lmr/bx/n on input line 35.
LaTeX Font Info:    Overwriting math alphabet `\mathsf' in version `bold'
(Font)                  OT1/cmss/bx/n --> OT1/lmss/bx/n on input line 36.
LaTeX Font Info:    Overwriting math alphabet `\mathit' in version `bold'
(Font)                  OT1/cmr/bx/it --> OT1/lmr/bx/it on input line 37.
LaTeX Font Info:    Overwriting math alphabet `\mathtt' in version `bold'
(Font)                  OT1/cmtt/m/n --> OT1/lmtt/m/n on input line 38.
) (c:/Users/dank001/AppData/Roaming/TinyTex/texmf-dist/tex/latex/base/fontenc.sty
Package: fontenc 2021/04/29 v2.0v Standard LaTeX package
(c:/Users/dank001/AppData/Roaming/TinyTex/texmf-dist/tex/latex/greek-fontenc/lgrenc.def
File: lgrenc.def 2022/06/14 2.1 LGR Greek font encoding definitions
(c:/Users/dank001/AppData/Roaming/TinyTex/texmf-dist/tex/latex/greek-fontenc/greek-fontenc.def
File: greek-fontenc.def 2020/10/30 2.0 Common Greek font encoding definitions
))
LaTeX Font Info:    Trying to load font information for T1+lmr on input line 112.
(c:/Users/dank001/AppData/Roaming/TinyTex/texmf-dist/tex/latex/lm/t1lmr.fd
File: t1lmr.fd 2015/05/01 v1.6.1 Font defs for Latin Modern
)) (c:/Users/dank001/AppData/Roaming/TinyTex/texmf-dist/tex/latex/base/inputenc.sty
Package: inputenc 2021/02/14 v1.3d Input encoding file
\inpenc@prehook=\toks32
\inpenc@posthook=\toks33

Package inputenc Warning: inputenc package ignored with utf8 based engines.

) (c:/Users/dank001/AppData/Roaming/TinyTex/texmf-dist/tex/generic/babel/babel.sty
Package: babel 2023/02/13 3.86 The Babel package
(c:/Users/dank001/AppData/Roaming/TinyTex/texmf-dist/tex/generic/babel/luababel.def
\bbl@readstream=\read2
\l@dumylang=\language2
Package babel Info: Non-standard hyphenation setup on input line 118.
\l@nohyphenation=\language3
\l@greek=\language4
\l@monogreek=\language5
\l@classiclatin=\language6
\l@latin=\language7
\l@liturgicallatin=\language8
\babelcatcodetablenum=\catcodetable12
\bbl@pattcodes=\catcodetable13
)
\babel@savecnt=\count317
\U@D=\dimen266
\l@unhyphenated=\language9
(c:/Users/dank001/AppData/Roaming/TinyTex/texmf-dist/tex/generic/babel/luababel.def
\bbl@attr@locale=\attribute4
) (c:/Users/dank001/AppData/Roaming/TinyTex/texmf-dist/tex/generic/babel-greek/greek.ldf
Language: greek 2020/11/10 v1.10 Greek support for the babel system
Package babel Info: Hyphen rules for 'ancientgreek' set to \l@english
(babel)             (\language0). Reported on input line 49.
\bbl@monogreek=\count318
\bbl@polygreek=\count319
\bbl@ancientgreek=\count320
(c:/Users/dank001/AppData/Roaming/TinyTex/texmf-dist/tex/latex/greek-fontenc/tuenc-greek.def
File: tuenc-greek.def 2020/10/13 2.0 Greek LICRs for XeTeX and LuaTeX
(c:/Users/dank001/AppData/Roaming/TinyTex/texmf-dist/tex/latex/greek-fontenc/greek-fontenc.def
File: greek-fontenc.def 2020/10/30 2.0 Common Greek font encoding definitions
))
LaTeX Info: Redefining \& on input line 125.
(c:/Users/dank001/AppData/Roaming/TinyTex/texmf-dist/tex/generic/hyph-utf8/loadhyph/loadhyph-el-polyton.tex UTF-8 Hyphenation patterns for multi-accent (polytonic) Modern Greek (c:/Users/dank001/AppData/Roaming/TinyTex/texmf-dist/tex/generic/hyph-utf8/patterns/tex/hyph-el-polyton.tex))) (c:/Users/dank001/AppData/Roaming/TinyTex/texmf-dist/tex/generic/babel-latin/latin.ldf
Language: latin 2021-06-27 v4.0 Latin support from the babel system
Package babel Info: Making " an active character on input line 135.
(c:/Users/dank001/AppData/Roaming/TinyTex/texmf-dist/tex/generic/hyph-utf8/loadhyph/loadhyph-la.tex UTF-8 Latin hyphenation patterns (c:/Users/dank001/AppData/Roaming/TinyTex/texmf-dist/tex/generic/hyph-utf8/patterns/tex/hyph-la.tex))) (c:/Users/dank001/AppData/Roaming/TinyTex/texmf-dist/tex/generic/babel-english/english.ldf
Language: english 2017/06/06 v3.3r English support from the babel system
Package babel Info: Hyphen rules for 'british' set to \l@english
(babel)             (\language0). Reported on input line 82.
Package babel Info: Hyphen rules for 'UKenglish' set to \l@english
(babel)             (\language0). Reported on input line 83.
Package babel Info: Hyphen rules for 'canadian' set to \l@english
(babel)             (\language0). Reported on input line 102.
Package babel Info: Hyphen rules for 'australian' set to \l@english
(babel)             (\language0). Reported on input line 105.
Package babel Info: Hyphen rules for 'newzealand' set to \l@english
(babel)             (\language0). Reported on input line 108.
)) (c:/Users/dank001/AppData/Roaming/TinyTex/texmf-dist/tex/generic/babel/locale/en/babel-english.tex
Package babel Info: Importing font and identification data for english
(babel)             from babel-en.ini. Reported on input line 11.
) (c:/Users/dank001/AppData/Roaming/TinyTex/texmf-dist/tex/generic/babel/locale/la/babel-latin.tex
Package babel Info: Importing font and identification data for latin
(babel)             from babel-la.ini. Reported on input line 9.
) (c:/Users/dank001/AppData/Roaming/TinyTex/texmf-dist/tex/generic/babel/locale/el/babel-greek.tex
Package babel Info: Importing font and identification data for greek
(babel)             from babel-el.ini. Reported on input line 11.
) (c:/Users/dank001/AppData/Roaming/TinyTex/texmf-dist/tex/latex/csquotes/csquotes.sty
Package: csquotes 2022-09-14 v5.2n context-sensitive quotations (JAW)
\csq@reset=\count321
\csq@gtype=\count322
\csq@glevel=\count323
\csq@qlevel=\count324
\csq@maxlvl=\count325
\csq@tshold=\count326
\csq@ltx@everypar=\toks34
(c:/Users/dank001/AppData/Roaming/TinyTex/texmf-dist/tex/latex/csquotes/csquotes.def
File: csquotes.def 2022-09-14 v5.2n csquotes generic definitions (JAW)
)
Package csquotes Info: Trying to load configuration file 'csquotes.cfg'...
Package csquotes Info: ... configuration file loaded successfully.
(c:/Users/dank001/AppData/Roaming/TinyTex/texmf-dist/tex/latex/csquotes/csquotes.cfg
File: csquotes.cfg 
))
\mccurrentbaselineskip=\skip80
\mccurrentparskip=\skip81
\mccurrentparindent=\skip82
(c:/Users/dank001/AppData/Roaming/TinyTex/texmf-dist/tex/latex/framed/framed.sty
Package: framed 2011/10/22 v 0.96: framed or shaded text with page breaks
\OuterFrameSep=\skip83
\fb@frw=\dimen267
\fb@frh=\dimen268
\FrameRule=\dimen269
\FrameSep=\dimen270
) (c:/Users/dank001/AppData/Roaming/TinyTex/texmf-dist/tex/generic/soul/soul.sty
Package: soul 2003/11/17 v2.4 letterspacing/underlining (mf)
\SOUL@word=\toks35
\SOUL@lasttoken=\toks36
\SOUL@cmds=\toks37
\SOUL@buffer=\toks38
\SOUL@token=\toks39
\SOUL@spaceskip=\skip84
\SOUL@ttwidth=\dimen271
\SOUL@uldp=\dimen272
\SOUL@ulht=\dimen273
) (c:/Users/dank001/AppData/Roaming/TinyTex/texmf-dist/tex/latex/background/background.sty
Package: background 2014/03/04 v2.1 background material
(c:/Users/dank001/AppData/Roaming/TinyTex/texmf-dist/tex/latex/xkeyval/xkeyval.sty
Package: xkeyval 2022/06/16 v2.9 package option processing (HA)
(c:/Users/dank001/AppData/Roaming/TinyTex/texmf-dist/tex/generic/xkeyval/xkeyval.tex (c:/Users/dank001/AppData/Roaming/TinyTex/texmf-dist/tex/generic/xkeyval/xkvutils.tex
\XKV@toks=\toks40
\XKV@tempa@toks=\toks41
)
\XKV@depth=\count327
File: xkeyval.tex 2014/12/03 v2.7a key=value parser (HA)
)) (c:/Users/dank001/AppData/Roaming/TinyTex/texmf-dist/tex/latex/pgf/frontendlayer/tikz.sty (c:/Users/dank001/AppData/Roaming/TinyTex/texmf-dist/tex/latex/pgf/basiclayer/pgf.sty (c:/Users/dank001/AppData/Roaming/TinyTex/texmf-dist/tex/latex/pgf/utilities/pgfrcs.sty (c:/Users/dank001/AppData/Roaming/TinyTex/texmf-dist/tex/generic/pgf/utilities/pgfutil-common.tex
\pgfutil@everybye=\toks42
\pgfutil@tempdima=\dimen274
\pgfutil@tempdimb=\dimen275
) (c:/Users/dank001/AppData/Roaming/TinyTex/texmf-dist/tex/generic/pgf/utilities/pgfutil-latex.def
\pgfutil@abb=\box117
) (c:/Users/dank001/AppData/Roaming/TinyTex/texmf-dist/tex/generic/pgf/utilities/pgfrcs.code.tex (c:/Users/dank001/AppData/Roaming/TinyTex/texmf-dist/tex/generic/pgf/pgf.revision.tex)
Package: pgfrcs 2023-01-15 v3.1.10 (3.1.10)
))
Package: pgf 2023-01-15 v3.1.10 (3.1.10)
(c:/Users/dank001/AppData/Roaming/TinyTex/texmf-dist/tex/latex/pgf/basiclayer/pgfcore.sty (c:/Users/dank001/AppData/Roaming/TinyTex/texmf-dist/tex/latex/pgf/systemlayer/pgfsys.sty (c:/Users/dank001/AppData/Roaming/TinyTex/texmf-dist/tex/generic/pgf/systemlayer/pgfsys.code.tex
Package: pgfsys 2023-01-15 v3.1.10 (3.1.10)
(c:/Users/dank001/AppData/Roaming/TinyTex/texmf-dist/tex/generic/pgf/utilities/pgfkeys.code.tex
\pgfkeys@pathtoks=\toks43
\pgfkeys@temptoks=\toks44
(c:/Users/dank001/AppData/Roaming/TinyTex/texmf-dist/tex/generic/pgf/utilities/pgfkeyslibraryfiltered.code.tex
\pgfkeys@tmptoks=\toks45
))
\pgf@x=\dimen276
\pgf@y=\dimen277
\pgf@xa=\dimen278
\pgf@ya=\dimen279
\pgf@xb=\dimen280
\pgf@yb=\dimen281
\pgf@xc=\dimen282
\pgf@yc=\dimen283
\pgf@xd=\dimen284
\pgf@yd=\dimen285
\w@pgf@writea=\write4
\r@pgf@reada=\read3
\c@pgf@counta=\count328
\c@pgf@countb=\count329
\c@pgf@countc=\count330
\c@pgf@countd=\count331
\t@pgf@toka=\toks46
\t@pgf@tokb=\toks47
\t@pgf@tokc=\toks48
\pgf@sys@id@count=\count332
(c:/Users/dank001/AppData/Roaming/TinyTex/texmf-dist/tex/generic/pgf/systemlayer/pgf.cfg
File: pgf.cfg 2023-01-15 v3.1.10 (3.1.10)
)
Driver file for pgf: pgfsys-luatex.def
(c:/Users/dank001/AppData/Roaming/TinyTex/texmf-dist/tex/generic/pgf/systemlayer/pgfsys-luatex.def
File: pgfsys-luatex.def 2023-01-15 v3.1.10 (3.1.10)
(c:/Users/dank001/AppData/Roaming/TinyTex/texmf-dist/tex/generic/pgf/systemlayer/pgfsys-common-pdf.def
File: pgfsys-common-pdf.def 2023-01-15 v3.1.10 (3.1.10)
))) (c:/Users/dank001/AppData/Roaming/TinyTex/texmf-dist/tex/generic/pgf/systemlayer/pgfsyssoftpath.code.tex
File: pgfsyssoftpath.code.tex 2023-01-15 v3.1.10 (3.1.10)
\pgfsyssoftpath@smallbuffer@items=\count333
\pgfsyssoftpath@bigbuffer@items=\count334
) (c:/Users/dank001/AppData/Roaming/TinyTex/texmf-dist/tex/generic/pgf/systemlayer/pgfsysprotocol.code.tex
File: pgfsysprotocol.code.tex 2023-01-15 v3.1.10 (3.1.10)
)) (c:/Users/dank001/AppData/Roaming/TinyTex/texmf-dist/tex/generic/pgf/basiclayer/pgfcore.code.tex
Package: pgfcore 2023-01-15 v3.1.10 (3.1.10)
(c:/Users/dank001/AppData/Roaming/TinyTex/texmf-dist/tex/generic/pgf/math/pgfmath.code.tex (c:/Users/dank001/AppData/Roaming/TinyTex/texmf-dist/tex/generic/pgf/math/pgfmathutil.code.tex) (c:/Users/dank001/AppData/Roaming/TinyTex/texmf-dist/tex/generic/pgf/math/pgfmathparser.code.tex
\pgfmath@dimen=\dimen286
\pgfmath@count=\count335
\pgfmath@box=\box118
\pgfmath@toks=\toks49
\pgfmath@stack@operand=\toks50
\pgfmath@stack@operation=\toks51
) (c:/Users/dank001/AppData/Roaming/TinyTex/texmf-dist/tex/generic/pgf/math/pgfmathfunctions.code.tex) (c:/Users/dank001/AppData/Roaming/TinyTex/texmf-dist/tex/generic/pgf/math/pgfmathfunctions.basic.code.tex) (c:/Users/dank001/AppData/Roaming/TinyTex/texmf-dist/tex/generic/pgf/math/pgfmathfunctions.trigonometric.code.tex) (c:/Users/dank001/AppData/Roaming/TinyTex/texmf-dist/tex/generic/pgf/math/pgfmathfunctions.random.code.tex) (c:/Users/dank001/AppData/Roaming/TinyTex/texmf-dist/tex/generic/pgf/math/pgfmathfunctions.comparison.code.tex) (c:/Users/dank001/AppData/Roaming/TinyTex/texmf-dist/tex/generic/pgf/math/pgfmathfunctions.base.code.tex) (c:/Users/dank001/AppData/Roaming/TinyTex/texmf-dist/tex/generic/pgf/math/pgfmathfunctions.round.code.tex) (c:/Users/dank001/AppData/Roaming/TinyTex/texmf-dist/tex/generic/pgf/math/pgfmathfunctions.misc.code.tex) (c:/Users/dank001/AppData/Roaming/TinyTex/texmf-dist/tex/generic/pgf/math/pgfmathfunctions.integerarithmetics.code.tex) (c:/Users/dank001/AppData/Roaming/TinyTex/texmf-dist/tex/generic/pgf/math/pgfmathcalc.code.tex) (c:/Users/dank001/AppData/Roaming/TinyTex/texmf-dist/tex/generic/pgf/math/pgfmathfloat.code.tex
\c@pgfmathroundto@lastzeros=\count336
)) (c:/Users/dank001/AppData/Roaming/TinyTex/texmf-dist/tex/generic/pgf/math/pgfint.code.tex) (c:/Users/dank001/AppData/Roaming/TinyTex/texmf-dist/tex/generic/pgf/basiclayer/pgfcorepoints.code.tex
File: pgfcorepoints.code.tex 2023-01-15 v3.1.10 (3.1.10)
\pgf@picminx=\dimen287
\pgf@picmaxx=\dimen288
\pgf@picminy=\dimen289
\pgf@picmaxy=\dimen290
\pgf@pathminx=\dimen291
\pgf@pathmaxx=\dimen292
\pgf@pathminy=\dimen293
\pgf@pathmaxy=\dimen294
\pgf@xx=\dimen295
\pgf@xy=\dimen296
\pgf@yx=\dimen297
\pgf@yy=\dimen298
\pgf@zx=\dimen299
\pgf@zy=\dimen300
) (c:/Users/dank001/AppData/Roaming/TinyTex/texmf-dist/tex/generic/pgf/basiclayer/pgfcorepathconstruct.code.tex
File: pgfcorepathconstruct.code.tex 2023-01-15 v3.1.10 (3.1.10)
\pgf@path@lastx=\dimen301
\pgf@path@lasty=\dimen302
) (c:/Users/dank001/AppData/Roaming/TinyTex/texmf-dist/tex/generic/pgf/basiclayer/pgfcorepathusage.code.tex
File: pgfcorepathusage.code.tex 2023-01-15 v3.1.10 (3.1.10)
\pgf@shorten@end@additional=\dimen303
\pgf@shorten@start@additional=\dimen304
) (c:/Users/dank001/AppData/Roaming/TinyTex/texmf-dist/tex/generic/pgf/basiclayer/pgfcorescopes.code.tex
File: pgfcorescopes.code.tex 2023-01-15 v3.1.10 (3.1.10)
\pgfpic=\box119
\pgf@hbox=\box120
\pgf@layerbox@main=\box121
\pgf@picture@serial@count=\count337
) (c:/Users/dank001/AppData/Roaming/TinyTex/texmf-dist/tex/generic/pgf/basiclayer/pgfcoregraphicstate.code.tex
File: pgfcoregraphicstate.code.tex 2023-01-15 v3.1.10 (3.1.10)
\pgflinewidth=\dimen305
) (c:/Users/dank001/AppData/Roaming/TinyTex/texmf-dist/tex/generic/pgf/basiclayer/pgfcoretransformations.code.tex
File: pgfcoretransformations.code.tex 2023-01-15 v3.1.10 (3.1.10)
\pgf@pt@x=\dimen306
\pgf@pt@y=\dimen307
\pgf@pt@temp=\dimen308
) (c:/Users/dank001/AppData/Roaming/TinyTex/texmf-dist/tex/generic/pgf/basiclayer/pgfcorequick.code.tex
File: pgfcorequick.code.tex 2023-01-15 v3.1.10 (3.1.10)
) (c:/Users/dank001/AppData/Roaming/TinyTex/texmf-dist/tex/generic/pgf/basiclayer/pgfcoreobjects.code.tex
File: pgfcoreobjects.code.tex 2023-01-15 v3.1.10 (3.1.10)
) (c:/Users/dank001/AppData/Roaming/TinyTex/texmf-dist/tex/generic/pgf/basiclayer/pgfcorepathprocessing.code.tex
File: pgfcorepathprocessing.code.tex 2023-01-15 v3.1.10 (3.1.10)
) (c:/Users/dank001/AppData/Roaming/TinyTex/texmf-dist/tex/generic/pgf/basiclayer/pgfcorearrows.code.tex
File: pgfcorearrows.code.tex 2023-01-15 v3.1.10 (3.1.10)
\pgfarrowsep=\dimen309
) (c:/Users/dank001/AppData/Roaming/TinyTex/texmf-dist/tex/generic/pgf/basiclayer/pgfcoreshade.code.tex
File: pgfcoreshade.code.tex 2023-01-15 v3.1.10 (3.1.10)
\pgf@max=\dimen310
\pgf@sys@shading@range@num=\count338
\pgf@shadingcount=\count339
) (c:/Users/dank001/AppData/Roaming/TinyTex/texmf-dist/tex/generic/pgf/basiclayer/pgfcoreimage.code.tex
File: pgfcoreimage.code.tex 2023-01-15 v3.1.10 (3.1.10)
) (c:/Users/dank001/AppData/Roaming/TinyTex/texmf-dist/tex/generic/pgf/basiclayer/pgfcoreexternal.code.tex
File: pgfcoreexternal.code.tex 2023-01-15 v3.1.10 (3.1.10)
\pgfexternal@startupbox=\box122
) (c:/Users/dank001/AppData/Roaming/TinyTex/texmf-dist/tex/generic/pgf/basiclayer/pgfcorelayers.code.tex
File: pgfcorelayers.code.tex 2023-01-15 v3.1.10 (3.1.10)
) (c:/Users/dank001/AppData/Roaming/TinyTex/texmf-dist/tex/generic/pgf/basiclayer/pgfcoretransparency.code.tex
File: pgfcoretransparency.code.tex 2023-01-15 v3.1.10 (3.1.10)
) (c:/Users/dank001/AppData/Roaming/TinyTex/texmf-dist/tex/generic/pgf/basiclayer/pgfcorepatterns.code.tex
File: pgfcorepatterns.code.tex 2023-01-15 v3.1.10 (3.1.10)
) (c:/Users/dank001/AppData/Roaming/TinyTex/texmf-dist/tex/generic/pgf/basiclayer/pgfcorerdf.code.tex
File: pgfcorerdf.code.tex 2023-01-15 v3.1.10 (3.1.10)
))) (c:/Users/dank001/AppData/Roaming/TinyTex/texmf-dist/tex/generic/pgf/modules/pgfmoduleshapes.code.tex
File: pgfmoduleshapes.code.tex 2023-01-15 v3.1.10 (3.1.10)
\pgfnodeparttextbox=\box123
) (c:/Users/dank001/AppData/Roaming/TinyTex/texmf-dist/tex/generic/pgf/modules/pgfmoduleplot.code.tex
File: pgfmoduleplot.code.tex 2023-01-15 v3.1.10 (3.1.10)
) (c:/Users/dank001/AppData/Roaming/TinyTex/texmf-dist/tex/latex/pgf/compatibility/pgfcomp-version-0-65.sty
Package: pgfcomp-version-0-65 2023-01-15 v3.1.10 (3.1.10)
\pgf@nodesepstart=\dimen311
\pgf@nodesepend=\dimen312
) (c:/Users/dank001/AppData/Roaming/TinyTex/texmf-dist/tex/latex/pgf/compatibility/pgfcomp-version-1-18.sty
Package: pgfcomp-version-1-18 2023-01-15 v3.1.10 (3.1.10)
)) (c:/Users/dank001/AppData/Roaming/TinyTex/texmf-dist/tex/latex/pgf/utilities/pgffor.sty (c:/Users/dank001/AppData/Roaming/TinyTex/texmf-dist/tex/latex/pgf/utilities/pgfkeys.sty (c:/Users/dank001/AppData/Roaming/TinyTex/texmf-dist/tex/generic/pgf/utilities/pgfkeys.code.tex)) (c:/Users/dank001/AppData/Roaming/TinyTex/texmf-dist/tex/latex/pgf/math/pgfmath.sty (c:/Users/dank001/AppData/Roaming/TinyTex/texmf-dist/tex/generic/pgf/math/pgfmath.code.tex)) (c:/Users/dank001/AppData/Roaming/TinyTex/texmf-dist/tex/generic/pgf/utilities/pgffor.code.tex
Package: pgffor 2023-01-15 v3.1.10 (3.1.10)
\pgffor@iter=\dimen313
\pgffor@skip=\dimen314
\pgffor@stack=\toks52
\pgffor@toks=\toks53
)) (c:/Users/dank001/AppData/Roaming/TinyTex/texmf-dist/tex/generic/pgf/frontendlayer/tikz/tikz.code.tex
Package: tikz 2023-01-15 v3.1.10 (3.1.10)
(c:/Users/dank001/AppData/Roaming/TinyTex/texmf-dist/tex/generic/pgf/libraries/pgflibraryplothandlers.code.tex
File: pgflibraryplothandlers.code.tex 2023-01-15 v3.1.10 (3.1.10)
\pgf@plot@mark@count=\count340
\pgfplotmarksize=\dimen315
)
\tikz@lastx=\dimen316
\tikz@lasty=\dimen317
\tikz@lastxsaved=\dimen318
\tikz@lastysaved=\dimen319
\tikz@lastmovetox=\dimen320
\tikz@lastmovetoy=\dimen321
\tikzleveldistance=\dimen322
\tikzsiblingdistance=\dimen323
\tikz@figbox=\box124
\tikz@figbox@bg=\box125
\tikz@tempbox=\box126
\tikz@tempbox@bg=\box127
\tikztreelevel=\count341
\tikznumberofchildren=\count342
\tikznumberofcurrentchild=\count343
\tikz@fig@count=\count344
(c:/Users/dank001/AppData/Roaming/TinyTex/texmf-dist/tex/generic/pgf/modules/pgfmodulematrix.code.tex
File: pgfmodulematrix.code.tex 2023-01-15 v3.1.10 (3.1.10)
\pgfmatrixcurrentrow=\count345
\pgfmatrixcurrentcolumn=\count346
\pgf@matrix@numberofcolumns=\count347
)
\tikz@expandcount=\count348
(c:/Users/dank001/AppData/Roaming/TinyTex/texmf-dist/tex/generic/pgf/frontendlayer/tikz/libraries/tikzlibrarytopaths.code.tex
File: tikzlibrarytopaths.code.tex 2023-01-15 v3.1.10 (3.1.10)
))) (c:/Users/dank001/AppData/Roaming/TinyTex/texmf-dist/tex/latex/everypage/everypage.sty
Package: everypage 2020/10/17 R2.0b Hooks to run on every page

Package everypage Warning: Functionality similar to this package has recently
(everypage)                been implemented in LaTeX. This package is now in
(everypage)                legacy status.
(everypage)                Please, don't use it in new documents and packages.


Package everypage Warning: You appear to be running a version of LaTeX
(everypage)                providing the new functionality.
(everypage)                Doing the best to deliver the original `everypage`
(everypage)                interface on top of it. Strict equivalence is
(everypage)                not possible, breakage may occur.
(everypage)                If truly needed, Use `everypage-1x` to force the
(everypage)                loading of an older code base.

) (c:/Users/dank001/AppData/Roaming/TinyTex/texmf-dist/tex/latex/tools/afterpage.sty
Package: afterpage 2014/10/28 v1.08 After-Page Package (DPC)
\AP@output=\toks54
\AP@partial=\box128
\AP@footins=\box129
)) (c:/Users/dank001/AppData/Roaming/TinyTex/texmf-dist/tex/generic/pgf/frontendlayer/tikz/libraries/tikzlibrarycalc.code.tex
File: tikzlibrarycalc.code.tex 2023-01-15 v3.1.10 (3.1.10)
) (c:/Users/dank001/AppData/Roaming/TinyTex/texmf-dist/tex/latex/lipsum/lipsum.sty
Package: lipsum 2021-09-20 v2.7 150 paragraphs of Lorem Ipsum dummy text
\g__lipsum_par_int=\count349
\l__lipsum_a_int=\count350
\l__lipsum_b_int=\count351
(c:/Users/dank001/AppData/Roaming/TinyTex/texmf-dist/tex/latex/lipsum/lipsum.ltd.tex))
\c@chapshift=\count352
) (c:/Users/dank001/AppData/Roaming/TinyTex/texmf-dist/tex/latex/hyperref/hyperref.sty
Package: hyperref 2023-02-07 v7.00v Hypertext links for LaTeX
(c:/Users/dank001/AppData/Roaming/TinyTex/texmf-dist/tex/generic/ltxcmds/ltxcmds.sty
Package: ltxcmds 2020-05-10 v1.25 LaTeX kernel commands for general use (HO)
) (c:/Users/dank001/AppData/Roaming/TinyTex/texmf-dist/tex/generic/pdftexcmds/pdftexcmds.sty
Package: pdftexcmds 2020-06-27 v0.33 Utility functions of pdfTeX for LuaTeX (HO)
(c:/Users/dank001/AppData/Roaming/TinyTex/texmf-dist/tex/generic/infwarerr/infwarerr.sty
Package: infwarerr 2019/12/03 v1.5 Providing info/warning/error messages (HO)
)
Package pdftexcmds Info: \pdf@primitive is available.
Package pdftexcmds Info: \pdf@ifprimitive is available.
Package pdftexcmds Info: \pdfdraftmode found.
\pdftexcmds@toks=\toks55
) (c:/Users/dank001/AppData/Roaming/TinyTex/texmf-dist/tex/latex/kvsetkeys/kvsetkeys.sty
Package: kvsetkeys 2022-10-05 v1.19 Key value parser (HO)
) (c:/Users/dank001/AppData/Roaming/TinyTex/texmf-dist/tex/generic/kvdefinekeys/kvdefinekeys.sty
Package: kvdefinekeys 2019-12-19 v1.6 Define keys (HO)
) (c:/Users/dank001/AppData/Roaming/TinyTex/texmf-dist/tex/generic/pdfescape/pdfescape.sty
Package: pdfescape 2019/12/09 v1.15 Implements pdfTeX's escape features (HO)
) (c:/Users/dank001/AppData/Roaming/TinyTex/texmf-dist/tex/latex/hycolor/hycolor.sty
Package: hycolor 2020-01-27 v1.10 Color options for hyperref/bookmark (HO)
) (c:/Users/dank001/AppData/Roaming/TinyTex/texmf-dist/tex/latex/letltxmacro/letltxmacro.sty
Package: letltxmacro 2019/12/03 v1.6 Let assignment for LaTeX macros (HO)
) (c:/Users/dank001/AppData/Roaming/TinyTex/texmf-dist/tex/latex/auxhook/auxhook.sty
Package: auxhook 2019-12-17 v1.6 Hooks for auxiliary files (HO)
) (c:/Users/dank001/AppData/Roaming/TinyTex/texmf-dist/tex/latex/hyperref/nameref.sty
Package: nameref 2022-05-17 v2.50 Cross-referencing by name of section
(c:/Users/dank001/AppData/Roaming/TinyTex/texmf-dist/tex/latex/refcount/refcount.sty
Package: refcount 2019/12/15 v3.6 Data extraction from label references (HO)
) (c:/Users/dank001/AppData/Roaming/TinyTex/texmf-dist/tex/generic/gettitlestring/gettitlestring.sty
Package: gettitlestring 2019/12/15 v1.6 Cleanup title references (HO)
(c:/Users/dank001/AppData/Roaming/TinyTex/texmf-dist/tex/latex/kvoptions/kvoptions.sty
Package: kvoptions 2022-06-15 v3.15 Key value format for package options (HO)
))
\c@section@level=\count353
)
\@linkdim=\dimen324
\Hy@linkcounter=\count354
\Hy@pagecounter=\count355
(c:/Users/dank001/AppData/Roaming/TinyTex/texmf-dist/tex/latex/hyperref/pd1enc.def
File: pd1enc.def 2023-02-07 v7.00v Hyperref: PDFDocEncoding definition (HO)
) (c:/Users/dank001/AppData/Roaming/TinyTex/texmf-dist/tex/generic/intcalc/intcalc.sty
Package: intcalc 2019/12/15 v1.3 Expandable calculations with integers (HO)
) (c:/Users/dank001/AppData/Roaming/TinyTex/texmf-dist/tex/generic/etexcmds/etexcmds.sty
Package: etexcmds 2019/12/15 v1.7 Avoid name clashes with e-TeX commands (HO)
)
\Hy@SavedSpaceFactor=\count356
(c:/Users/dank001/AppData/Roaming/TinyTex/texmf-dist/tex/latex/hyperref/puenc.def
File: puenc.def 2023-02-07 v7.00v Hyperref: PDF Unicode definition (HO)
(c:/Users/dank001/AppData/Roaming/TinyTex/texmf-dist/tex/latex/hyperref/puenc-greekbasic.def
File: puenc-greekbasic.def 2023-02-07 v7.00v Hyperref: PDF Unicode definition (greek block) (HO)
))
Package hyperref Info: Option `colorlinks' set `false' on input line 4060.
Package hyperref Info: Option `pdfpagelabels' set `true' on input line 4060.
Package hyperref Info: Hyper figures OFF on input line 4177.
Package hyperref Info: Link nesting OFF on input line 4182.
Package hyperref Info: Hyper index ON on input line 4185.
Package hyperref Info: Plain pages OFF on input line 4192.
Package hyperref Info: Backreferencing OFF on input line 4197.
Package hyperref Info: Implicit mode ON; LaTeX internals redefined.
Package hyperref Info: Bookmarks ON on input line 4425.
\c@Hy@tempcnt=\count357
(c:/Users/dank001/AppData/Roaming/TinyTex/texmf-dist/tex/latex/url/url.sty
\Urlmuskip=\muskip20
Package: url 2013/09/16  ver 3.4  Verb mode for urls, etc.
)
LaTeX Info: Redefining \url on input line 4763.
\XeTeXLinkMargin=\dimen325
(c:/Users/dank001/AppData/Roaming/TinyTex/texmf-dist/tex/generic/bitset/bitset.sty
Package: bitset 2019/12/09 v1.3 Handle bit-vector datatype (HO)
(c:/Users/dank001/AppData/Roaming/TinyTex/texmf-dist/tex/generic/bigintcalc/bigintcalc.sty
Package: bigintcalc 2019/12/15 v1.5 Expandable calculations on big integers (HO)
))
\Fld@menulength=\count358
\Field@Width=\dimen326
\Fld@charsize=\dimen327
Package hyperref Info: Hyper figures OFF on input line 6042.
Package hyperref Info: Link nesting OFF on input line 6047.
Package hyperref Info: Hyper index ON on input line 6050.
Package hyperref Info: backreferencing OFF on input line 6057.
Package hyperref Info: Link coloring OFF on input line 6062.
Package hyperref Info: Link coloring with OCG OFF on input line 6067.
Package hyperref Info: PDF/A mode OFF on input line 6072.
(c:/Users/dank001/AppData/Roaming/TinyTex/texmf-dist/tex/latex/base/atbegshi-ltx.sty
Package: atbegshi-ltx 2021/01/10 v1.0c Emulation of the original atbegshi
package with kernel methods
)
\Hy@abspage=\count359
\c@Item=\count360
\c@Hfootnote=\count361
)
Package hyperref Info: Driver (autodetected): hluatex.
(c:/Users/dank001/AppData/Roaming/TinyTex/texmf-dist/tex/latex/hyperref/hluatex.def
File: hluatex.def 2023-02-07 v7.00v Hyperref driver for luaTeX
(c:/Users/dank001/AppData/Roaming/TinyTex/texmf-dist/tex/generic/stringenc/stringenc.sty
Package: stringenc 2019/11/29 v1.12 Convert strings between diff. encodings (HO)
) (c:/Users/dank001/AppData/Roaming/TinyTex/texmf-dist/tex/latex/base/atveryend-ltx.sty
Package: atveryend-ltx 2020/08/19 v1.0a Emulation of the original atveryend package
with kernel methods
)
\Fld@listcount=\count362
\c@bookmark@seq@number=\count363
(c:/Users/dank001/AppData/Roaming/TinyTex/texmf-dist/tex/latex/rerunfilecheck/rerunfilecheck.sty
Package: rerunfilecheck 2022-07-10 v1.10 Rerun checks for auxiliary files (HO)
(c:/Users/dank001/AppData/Roaming/TinyTex/texmf-dist/tex/generic/uniquecounter/uniquecounter.sty
Package: uniquecounter 2019/12/15 v1.4 Provide unlimited unique counter (HO)
)
Package uniquecounter Info: New unique counter `rerunfilecheck' on input line 285.
)
\Hy@SectionHShift=\skip85
) (c:/Users/dank001/AppData/Roaming/TinyTex/texmf-dist/tex/latex/float/float.sty
Package: float 2001/11/08 v1.3d Float enhancements (AL)
\c@float@type=\count364
\float@exts=\toks56
\float@box=\box130
\@float@everytoks=\toks57
\@floatcapt=\box131
) (c:/Users/dank001/AppData/Roaming/TinyTex/texmf-dist/tex/latex/titlesec/titlesec.sty
Package: titlesec 2021/07/05 v2.14 Sectioning titles
\ttl@box=\box132
\beforetitleunit=\skip86
\aftertitleunit=\skip87
\ttl@plus=\dimen328
\ttl@minus=\dimen329
\ttl@toksa=\toks58
\titlewidth=\dimen330
\titlewidthlast=\dimen331
\titlewidthfirst=\dimen332
) (c:/Users/dank001/AppData/Roaming/TinyTex/texmf-dist/tex/latex/fancyvrb/fancyvrb.sty
Package: fancyvrb 2023/01/19 4.5a verbatim text (tvz,hv)
\FV@CodeLineNo=\count365
\FV@InFile=\read4
\FV@TabBox=\box133
\c@FancyVerbLine=\count366
\FV@StepNumber=\count367
\FV@OutFile=\write5
) (c:/Users/dank001/AppData/Roaming/TinyTex/texmf-dist/tex/generic/ulem/ulem.sty
\UL@box=\box134
\UL@hyphenbox=\box135
\UL@skip=\skip88
\UL@hook=\toks59
\UL@height=\dimen333
\UL@pe=\count368
\UL@pixel=\dimen334
\ULC@box=\box136
Package: ulem 2019/11/18
\ULdepth=\dimen335
) (c:/Users/dank001/AppData/Roaming/TinyTex/texmf-dist/tex/latex/wrapfig/wrapfig.sty
\wrapoverhang=\dimen336
\WF@size=\dimen337
\c@WF@wrappedlines=\count369
\WF@box=\box137
\WF@everypar=\toks60
Package: wrapfig 2003/01/31  v 3.6
) (c:/Users/dank001/AppData/Roaming/TinyTex/texmf-dist/tex/latex/colortbl/colortbl.sty
Package: colortbl 2022/06/20 v1.0f Color table columns (DPC)
\everycr=\toks61
\minrowclearance=\skip89
\rownum=\count370
) (c:/Users/dank001/AppData/Roaming/TinyTex/texmf-dist/tex/latex/pdflscape/pdflscape.sty
Package: pdflscape 2022-10-27 v0.13 Display of landscape pages in PDF
(c:/Users/dank001/AppData/Roaming/TinyTex/texmf-dist/tex/latex/pdflscape/pdflscape-nometadata.sty
Package: pdflscape-nometadata 2022-10-28 v0.13 Display of landscape pages in PDF (HO)
(c:/Users/dank001/AppData/Roaming/TinyTex/texmf-dist/tex/latex/graphics/lscape.sty
Package: lscape 2020/05/28 v3.02 Landscape Pages (DPC)
)
Package pdflscape Info: Auto-detected driver: pdftex on input line 81.
)) (c:/Users/dank001/AppData/Roaming/TinyTex/texmf-dist/tex/latex/tabu/tabu.sty
Package: tabu 2019/01/11 v2.9 - flexible LaTeX tabulars (FC+tabu-fixed)
\c@taburow=\count371
\tabu@nbcols=\count372
\tabu@cnt=\count373
\tabu@Xcol=\count374
\tabu@alloc=\count375
\tabu@nested=\count376
\tabu@target=\dimen338
\tabu@spreadtarget=\dimen339
\tabu@naturalX=\dimen340
\tabucolX=\dimen341
\tabu@Xsum=\dimen342
\extrarowdepth=\dimen343
\abovetabulinesep=\dimen344
\belowtabulinesep=\dimen345
\tabustrutrule=\dimen346
\tabu@thebody=\toks62
\tabu@footnotes=\toks63
\tabu@box=\box138
\tabu@arstrutbox=\box139
\tabu@hleads=\box140
\tabu@vleads=\box141
\tabu@cellskip=\skip90
) (c:/Users/dank001/AppData/Roaming/TinyTex/texmf-dist/tex/latex/threeparttable/threeparttable.sty
Package: threeparttable 2003/06/13  v 3.0
\@tempboxb=\box142
) (c:/Users/dank001/AppData/Roaming/TinyTex/texmf-dist/tex/latex/threeparttablex/threeparttablex.sty
Package: threeparttablex 2013/07/23 v0.3 by daleif
(c:/Users/dank001/AppData/Roaming/TinyTex/texmf-dist/tex/latex/environ/environ.sty
Package: environ 2014/05/04 v0.3 A new way to define environments
(c:/Users/dank001/AppData/Roaming/TinyTex/texmf-dist/tex/latex/trimspaces/trimspaces.sty
Package: trimspaces 2009/09/17 v1.1 Trim spaces around a token list
))
\TPTL@width=\skip91
) (c:/Users/dank001/AppData/Roaming/TinyTex/texmf-dist/tex/latex/makecell/makecell.sty
Package: makecell 2009/08/03 V0.1e Managing of Tab Column Heads and Cells
\rotheadsize=\dimen347
\c@nlinenum=\count377
\TeXr@lab=\toks64
) (c:/Users/dank001/AppData/Roaming/TinyTex/texmf-dist/tex/latex/biblatex/biblatex.sty
Package: biblatex 2022/07/12 v3.18b programmable bibliographies (PK/MW)
(c:/Users/dank001/AppData/Roaming/TinyTex/texmf-dist/tex/latex/logreq/logreq.sty
Package: logreq 2010/08/04 v1.0 xml request logger
\lrq@indent=\count378
(c:/Users/dank001/AppData/Roaming/TinyTex/texmf-dist/tex/latex/logreq/logreq.def
File: logreq.def 2010/08/04 v1.0 logreq spec v1.0
))
\c@tabx@nest=\count379
\c@listtotal=\count380
\c@listcount=\count381
\c@liststart=\count382
\c@liststop=\count383
\c@citecount=\count384
\c@citetotal=\count385
\c@multicitecount=\count386
\c@multicitetotal=\count387
\c@instcount=\count388
\c@maxnames=\count389
\c@minnames=\count390
\c@maxitems=\count391
\c@minitems=\count392
\c@citecounter=\count393
\c@maxcitecounter=\count394
\c@savedcitecounter=\count395
\c@uniquelist=\count396
\c@uniquename=\count397
\c@refsection=\count398
\c@refsegment=\count399
\c@maxextratitle=\count400
\c@maxextratitleyear=\count401
\c@maxextraname=\count402
\c@maxextradate=\count403
\c@maxextraalpha=\count404
\c@abbrvpenalty=\count405
\c@highnamepenalty=\count406
\c@lownamepenalty=\count407
\c@maxparens=\count408
\c@parenlevel=\count409
\blx@tempcnta=\count410
\blx@tempcntb=\count411
\blx@tempcntc=\count412
\c@blx@maxsection=\count413
\blx@maxsegment@0=\count414
\blx@notetype=\count415
\blx@parenlevel@text=\count416
\blx@parenlevel@foot=\count417
\blx@sectionciteorder@0=\count418
\blx@sectionciteorderinternal@0=\count419
\blx@entrysetcounter=\count420
\blx@biblioinstance=\count421
\labelnumberwidth=\skip92
\labelalphawidth=\skip93
\biblabelsep=\skip94
\bibitemsep=\skip95
\bibnamesep=\skip96
\bibinitsep=\skip97
\bibparsep=\skip98
\bibhang=\skip99
\blx@bcfin=\read5
\blx@bcfout=\write6
\blx@langwohyphens=\language10
\c@mincomprange=\count422
\c@maxcomprange=\count423
\c@mincompwidth=\count424
Package biblatex Info: Trying to load biblatex default data model...
Package biblatex Info: ... file 'blx-dm.def' found.
(c:/Users/dank001/AppData/Roaming/TinyTex/texmf-dist/tex/latex/biblatex/blx-dm.def
File: blx-dm.def 2022/07/12 v3.18b biblatex localization (PK/MW)
)
Package biblatex Info: Trying to load biblatex style data model...
Package biblatex Info: ... file 'numeric-comp.dbx' not found.
Package biblatex Info: Trying to load biblatex custom data model...
Package biblatex Info: ... file 'biblatex-dm.cfg' not found.
\c@afterword=\count425
\c@savedafterword=\count426
\c@annotator=\count427
\c@savedannotator=\count428
\c@author=\count429
\c@savedauthor=\count430
\c@bookauthor=\count431
\c@savedbookauthor=\count432
\c@commentator=\count433
\c@savedcommentator=\count434
\c@editor=\count435
\c@savededitor=\count436
\c@editora=\count437
\c@savededitora=\count438
\c@editorb=\count439
\c@savededitorb=\count440
\c@editorc=\count441
\c@savededitorc=\count442
\c@foreword=\count443
\c@savedforeword=\count444
\c@holder=\count445
\c@savedholder=\count446
\c@introduction=\count447
\c@savedintroduction=\count448
\c@namea=\count449
\c@savednamea=\count450
\c@nameb=\count451
\c@savednameb=\count452
\c@namec=\count453
\c@savednamec=\count454
\c@translator=\count455
\c@savedtranslator=\count456
\c@shortauthor=\count457
\c@savedshortauthor=\count458
\c@shorteditor=\count459
\c@savedshorteditor=\count460
\c@labelname=\count461
\c@savedlabelname=\count462
\c@institution=\count463
\c@savedinstitution=\count464
\c@lista=\count465
\c@savedlista=\count466
\c@listb=\count467
\c@savedlistb=\count468
\c@listc=\count469
\c@savedlistc=\count470
\c@listd=\count471
\c@savedlistd=\count472
\c@liste=\count473
\c@savedliste=\count474
\c@listf=\count475
\c@savedlistf=\count476
\c@location=\count477
\c@savedlocation=\count478
\c@organization=\count479
\c@savedorganization=\count480
\c@origlocation=\count481
\c@savedoriglocation=\count482
\c@origpublisher=\count483
\c@savedorigpublisher=\count484
\c@publisher=\count485
\c@savedpublisher=\count486
\c@language=\count487
\c@savedlanguage=\count488
\c@origlanguage=\count489
\c@savedoriglanguage=\count490
\c@pageref=\count491
\c@savedpageref=\count492
\shorthandwidth=\skip100
\shortjournalwidth=\skip101
\shortserieswidth=\skip102
\shorttitlewidth=\skip103
\shortauthorwidth=\skip104
\shorteditorwidth=\skip105
\locallabelnumberwidth=\skip106
\locallabelalphawidth=\skip107
\localshorthandwidth=\skip108
\localshortjournalwidth=\skip109
\localshortserieswidth=\skip110
\localshorttitlewidth=\skip111
\localshortauthorwidth=\skip112
\localshorteditorwidth=\skip113
Package biblatex Info: Trying to load enhanced support for Unicode engines...
Package biblatex Info: ... file 'blx-unicode.def' found.
(c:/Users/dank001/AppData/Roaming/TinyTex/texmf-dist/tex/latex/biblatex/blx-unicode.def)
Package biblatex Info: Trying to load compatibility code...
Package biblatex Info: ... file 'blx-compat.def' found.
(c:/Users/dank001/AppData/Roaming/TinyTex/texmf-dist/tex/latex/biblatex/blx-compat.def
File: blx-compat.def 2022/07/12 v3.18b biblatex compatibility (PK/MW)
)
Package biblatex Info: Trying to load generic definitions...
Package biblatex Info: ... file 'biblatex.def' found.
(c:/Users/dank001/AppData/Roaming/TinyTex/texmf-dist/tex/latex/biblatex/biblatex.def
File: biblatex.def 2022/07/12 v3.18b biblatex compatibility (PK/MW)
\c@textcitecount=\count493
\c@textcitetotal=\count494
\c@textcitemaxnames=\count495
\c@biburlbigbreakpenalty=\count496
\c@biburlbreakpenalty=\count497
\c@biburlnumpenalty=\count498
\c@biburlucpenalty=\count499
\c@biburllcpenalty=\count500
\biburlbigskip=\muskip21
\biburlnumskip=\muskip22
\biburlucskip=\muskip23
\biburllcskip=\muskip24
\c@smartand=\count501
)
Package biblatex Info: Trying to load bibliography style 'numeric-comp'...
Package biblatex Info: ... file 'numeric-comp.bbx' found.
(c:/Users/dank001/AppData/Roaming/TinyTex/texmf-dist/tex/latex/biblatex/bbx/numeric-comp.bbx
File: numeric-comp.bbx 2022/07/12 v3.18b biblatex bibliography style (PK/MW)
Package biblatex Info: Trying to load bibliography style 'numeric'...
Package biblatex Info: ... file 'numeric.bbx' found.
(c:/Users/dank001/AppData/Roaming/TinyTex/texmf-dist/tex/latex/biblatex/bbx/numeric.bbx
File: numeric.bbx 2022/07/12 v3.18b biblatex bibliography style (PK/MW)
Package biblatex Info: Trying to load bibliography style 'standard'...
Package biblatex Info: ... file 'standard.bbx' found.
(c:/Users/dank001/AppData/Roaming/TinyTex/texmf-dist/tex/latex/biblatex/bbx/standard.bbx
File: standard.bbx 2022/07/12 v3.18b biblatex bibliography style (PK/MW)
\c@bbx:relatedcount=\count502
\c@bbx:relatedtotal=\count503
)))
Package biblatex Info: Trying to load citation style 'numeric-comp'...
Package biblatex Info: ... file 'numeric-comp.cbx' found.
(c:/Users/dank001/AppData/Roaming/TinyTex/texmf-dist/tex/latex/biblatex/cbx/numeric-comp.cbx
File: numeric-comp.cbx 2022/07/12 v3.18b biblatex citation style (PK/MW)
\c@cbx@tempcnta=\count504
\c@cbx@tempcntb=\count505
\c@cbx@tempcntc=\count506
\c@cbx@tempcntd=\count507
Package biblatex Info: Redefining '\cite'.
Package biblatex Info: Redefining '\parencite'.
Package biblatex Info: Redefining '\footcite'.
Package biblatex Info: Redefining '\footcitetext'.
Package biblatex Info: Redefining '\smartcite'.
Package biblatex Info: Redefining '\supercite'.
Package biblatex Info: Redefining '\textcite'.
Package biblatex Info: Redefining '\textcites'.
Package biblatex Info: Redefining '\cites'.
Package biblatex Info: Redefining '\parencites'.
Package biblatex Info: Redefining '\smartcites'.
)
Package biblatex Info: Trying to load configuration file...
Package biblatex Info: ... file 'biblatex.cfg' found.
(c:/Users/dank001/AppData/Roaming/TinyTex/texmf-dist/tex/latex/biblatex/biblatex.cfg
File: biblatex.cfg 
)
Package biblatex Info: LuaTeX detected.
(biblatex)             Assuming input encoding 'utf8'.
Package biblatex Info: Document encoding is UTF8 ....
Package biblatex Info: ... and expl3
(biblatex)             2023-02-07 L3 programming layer (loader) 
(biblatex)             is new enough (at least 2020/04/06),
(biblatex)             setting 'casechanger=expl3'.
(c:/Users/dank001/AppData/Roaming/TinyTex/texmf-dist/tex/latex/biblatex/blx-case-expl3.sty
Package: blx-case-expl3 2022/07/12 v3.18b expl3 case changing code for biblatex
))
Package csquotes Info: Checking for multilingual support...
Package csquotes Info: ... found 'babel' package.
Package csquotes Info: Adjusting default style.
Package csquotes Info: Redefining alias 'default' -> 'english'.
(./Voorbeeld.aux)
\openout1 = Voorbeeld.aux

LaTeX Font Info:    Checking defaults for OML/cmm/m/it on input line 160.
LaTeX Font Info:    ... okay on input line 160.
LaTeX Font Info:    Checking defaults for OMS/cmsy/m/n on input line 160.
LaTeX Font Info:    ... okay on input line 160.
LaTeX Font Info:    Checking defaults for OT1/cmr/m/n on input line 160.
LaTeX Font Info:    ... okay on input line 160.
LaTeX Font Info:    Checking defaults for T1/cmr/m/n on input line 160.
LaTeX Font Info:    ... okay on input line 160.
LaTeX Font Info:    Checking defaults for TS1/cmr/m/n on input line 160.
LaTeX Font Info:    Trying to load font information for TS1+cmr on input line 160.
(c:/Users/dank001/AppData/Roaming/TinyTex/texmf-dist/tex/latex/base/ts1cmr.fd
File: ts1cmr.fd 2022/07/10 v2.5l Standard LaTeX font definitions
)
LaTeX Font Info:    ... okay on input line 160.
LaTeX Font Info:    Checking defaults for TU/lmr/m/n on input line 160.
LaTeX Font Info:    ... okay on input line 160.
LaTeX Font Info:    Checking defaults for OMX/cmex/m/n on input line 160.
LaTeX Font Info:    ... okay on input line 160.
LaTeX Font Info:    Checking defaults for U/cmr/m/n on input line 160.
LaTeX Font Info:    ... okay on input line 160.
LaTeX Font Info:    Checking defaults for LGR/cmr/m/n on input line 160.
LaTeX Font Info:    Trying to load font information for LGR+cmr on input line 160.
(c:/Users/dank001/AppData/Roaming/TinyTex/texmf-dist/tex/latex/cbfonts-fd/lgrcmr.fd
File: lgrcmr.fd 2017/07/29 v1.2 Greek European Computer Regular
)
LaTeX Font Info:    ... okay on input line 160.
LaTeX Font Info:    Checking defaults for PD1/pdf/m/n on input line 160.
LaTeX Font Info:    ... okay on input line 160.
LaTeX Font Info:    Checking defaults for PU/pdf/m/n on input line 160.
LaTeX Font Info:    ... okay on input line 160.
*geometry* driver: auto-detecting
*geometry* detected driver: luatex
*geometry* verbose mode - [ preamble ] result:
* driver: luatex
* paper: a4paper
* layout: <same size as paper>
* layoutoffset:(h,v)=(0.0pt,0.0pt)
* modes: includehead twoside 
* h-part:(L,W,R)=(88.2037pt, 421.10046pt, 88.2037pt)
* v-part:(T,H,B)=(71.13188pt, 697.09262pt, 76.82234pt)
* \paperwidth=597.50787pt
* \paperheight=845.04684pt
* \textwidth=421.10046pt
* \textheight=662.33034pt
* \oddsidemargin=15.93372pt
* \evensidemargin=15.93372pt
* \topmargin=-1.1381pt
* \headheight=12.0pt
* \headsep=22.76228pt
* \topskip=12.0pt
* \footskip=34.14322pt
* \marginparwidth=95.0pt
* \marginparsep=10.0pt
* \columnsep=10.0pt
* \skip\footins=10.8pt plus 4.0pt minus 2.0pt
* \hoffset=0.0pt
* \voffset=0.0pt
* \mag=1000
* \@twocolumnfalse
* \@twosidetrue
* \@mparswitchtrue
* \@reversemarginfalse
* (1in=72.27pt=25.4mm, 1cm=28.453pt)

(c:/Users/dank001/AppData/Roaming/TinyTex/texmf-dist/tex/latex/epstopdf-pkg/epstopdf-base.sty
Package: epstopdf-base 2020-01-24 v2.11 Base part for package epstopdf
Package epstopdf-base Info: Redefining graphics rule for `.eps' on input line 485.
(c:/Users/dank001/AppData/Roaming/TinyTex/texmf-dist/tex/latex/latexconfig/epstopdf-sys.cfg
File: epstopdf-sys.cfg 2010/07/13 v1.3 Configuration of (r)epstopdf for TeX Live
))
LaTeX Info: Redefining \microtypecontext on input line 160.
Package microtype Info: Applying patch `item' on input line 160.
Package microtype Info: Applying patch `toc' on input line 160.
Package microtype Info: Applying patch `eqnum' on input line 160.
Package microtype Info: Applying patch `footnote' on input line 160.
Package microtype Info: Generating PDF output.
Package microtype Info: Character protrusion enabled (level 2).
Package microtype Info: Using default protrusion set `alltext'.
Package microtype Info: Automatic font expansion enabled (level 2),
(microtype)             stretch: 20, shrink: 20, step: 1, non-selected.
Package microtype Info: Using default expansion set `alltext-nott'.
LaTeX Info: Redefining \showhyphens on input line 160.
Package microtype Info: No adjustment of tracking.
Package microtype Info: No adjustment of spacing.
Package microtype Info: No adjustment of kerning.
(c:/Users/dank001/AppData/Roaming/TinyTex/texmf-dist/tex/latex/microtype/mt-LatinModernRoman.cfg
File: mt-LatinModernRoman.cfg 2021/02/21 v1.1 microtype config. file: Latin Modern Roman (RS)
)
Package microtype Info: Loading generic protrusion settings for font family
(microtype)             `lmr' (encoding: T1).
(microtype)             For optimal results, create family-specific settings.
(microtype)             See the microtype manual for details.
Package caption Info: Begin \AtBeginDocument code.
Package caption Info: float package is loaded.
Package caption Info: hyperref package is loaded.
Package caption Info: rotating package is loaded.
Package caption Info: threeparttable package is loaded.
Package caption Info: wrapfig package is loaded.
Package caption Info: End \AtBeginDocument code.
(c:/Users/dank001/AppData/Roaming/TinyTex/texmf-dist/tex/latex/greek-fontenc/puenc-greek.def
File: puenc-greek.def 2020/10/18 2.0 Greek LICRs for PDF strings
(c:/Users/dank001/AppData/Roaming/TinyTex/texmf-dist/tex/latex/greek-fontenc/greek-fontenc.def
File: greek-fontenc.def 2020/10/30 2.0 Common Greek font encoding definitions
))
Package hyperref Info: Link coloring OFF on input line 160.
(./Voorbeeld.out) (./Voorbeeld.out)
\@outlinefile=\write7

\openout7 = Voorbeeld.out
Package biblatex Info: Trying to load language 'english'...
Package biblatex Info: ... file 'english.lbx' found.
(c:/Users/dank001/AppData/Roaming/TinyTex/texmf-dist/tex/latex/biblatex/lbx/english.lbx
File: english.lbx 2022/07/12 v3.18b biblatex localization (PK/MW)
)
Package biblatex Info: Trying to load language 'latin'...
Package biblatex Info: ... file 'latin.lbx' not found.

Package biblatex Warning: Language 'latin' not supported.
(biblatex)                Using dummy definitions on input line 160.

Package biblatex Info: Trying to load language 'greek'...
Package biblatex Info: ... file 'greek.lbx' found.
(c:/Users/dank001/AppData/Roaming/TinyTex/texmf-dist/tex/latex/biblatex/lbx/greek.lbx
File: greek.lbx 2022/07/12 v3.18b biblatex localization (PK/MW)
)
Package biblatex Info: LuaTeX detected.
(biblatex)             Assuming input encoding 'utf8'.
Package biblatex Info: Automatic encoding selection.
(biblatex)             Assuming data encoding 'utf8'.

\openout6 = Voorbeeld.bcf
Package biblatex Info: Trying to load bibliographic data...
Package biblatex Info: ... file 'Voorbeeld.bbl' found.
(./Voorbeeld.bbl)
Package biblatex Info: Reference section=0 on input line 160.
Package biblatex Info: Reference segment=0 on input line 160.
Chapter 1.
LaTeX Font Info:    Trying to load font information for T1+put on input line 176.
(c:/Users/dank001/AppData/Roaming/TinyTex/texmf-dist/tex/latex/psnfss/t1put.fd
File: t1put.fd 2001/06/04 font definitions for T1/put.
)
Package microtype Info: Loading generic protrusion settings for font family
(microtype)             `put' (encoding: T1).
(microtype)             For optimal results, create family-specific settings.
(microtype)             See the microtype manual for details.

Underfull \hbox (badness 10000) in paragraph at lines 179--196

 []


Underfull \hbox (badness 10000) in paragraph at lines 179--196

 []


Underfull \hbox (badness 10000) in paragraph at lines 179--196

 []

[1


{c:/Users/dank001/AppData/Roaming/TinyTex/texmf-var/fonts/map/pdftex/updmap/pdftex.map}]

Package hyperref Warning: The anchor of a bookmark and its parent's must not
(hyperref)                be the same. Added a new anchor on input line 202.

LaTeX Font Info:    Trying to load font information for OT1+lmr on input line 204.
(c:/Users/dank001/AppData/Roaming/TinyTex/texmf-dist/tex/latex/lm/ot1lmr.fd
File: ot1lmr.fd 2015/05/01 v1.6.1 Font defs for Latin Modern
)
Package microtype Info: Loading generic protrusion settings for font family
(microtype)             `lmr' (encoding: OT1).
(microtype)             For optimal results, create family-specific settings.
(microtype)             See the microtype manual for details.
LaTeX Font Info:    Trying to load font information for OML+lmm on input line 204.
(c:/Users/dank001/AppData/Roaming/TinyTex/texmf-dist/tex/latex/lm/omllmm.fd
File: omllmm.fd 2015/05/01 v1.6.1 Font defs for Latin Modern
)
LaTeX Font Info:    Trying to load font information for OMS+lmsy on input line 204.
(c:/Users/dank001/AppData/Roaming/TinyTex/texmf-dist/tex/latex/lm/omslmsy.fd
File: omslmsy.fd 2015/05/01 v1.6.1 Font defs for Latin Modern
)
LaTeX Font Info:    Trying to load font information for OMX+lmex on input line 204.
(c:/Users/dank001/AppData/Roaming/TinyTex/texmf-dist/tex/latex/lm/omxlmex.fd
File: omxlmex.fd 2015/05/01 v1.6.1 Font defs for Latin Modern
)
LaTeX Font Info:    External font `lmex10' loaded for size
(Font)              <12> on input line 204.
LaTeX Font Info:    External font `lmex10' loaded for size
(Font)              <8> on input line 204.
LaTeX Font Info:    External font `lmex10' loaded for size
(Font)              <6> on input line 204.
LaTeX Font Info:    Trying to load font information for U+msa on input line 204.
(c:/Users/dank001/AppData/Roaming/TinyTex/texmf-dist/tex/latex/amsfonts/umsa.fd
File: umsa.fd 2013/01/14 v3.01 AMS symbols A
) (c:/Users/dank001/AppData/Roaming/TinyTex/texmf-dist/tex/latex/microtype/mt-msa.cfg
File: mt-msa.cfg 2006/02/04 v1.1 microtype config. file: AMS symbols (a) (RS)
)
LaTeX Font Info:    Trying to load font information for U+msb on input line 204.
(c:/Users/dank001/AppData/Roaming/TinyTex/texmf-dist/tex/latex/amsfonts/umsb.fd
File: umsb.fd 2013/01/14 v3.01 AMS symbols B
) (c:/Users/dank001/AppData/Roaming/TinyTex/texmf-dist/tex/latex/microtype/mt-msb.cfg
File: mt-msb.cfg 2005/06/01 v1.0 microtype config. file: AMS symbols (b) (RS)
) [2] [3] [4]

Package hyperref Warning: The anchor of a bookmark and its parent's must not
(hyperref)                be the same. Added a new anchor on input line 226.

<Voorbeeld_files/figure-latex/phlupin-1.pdf, id=141, 469.755pt x 325.215pt>
File: Voorbeeld_files/figure-latex/phlupin-1.pdf Graphic file (type pdf)
<use Voorbeeld_files/figure-latex/phlupin-1.pdf>
Package luatex.def Info: Voorbeeld_files/figure-latex/phlupin-1.pdf  used on input line 232.
(luatex.def)             Requested size: 416.89177pt x 288.61668pt.
[5]
<Voorbeeld_files/figure-latex/acidslupin-1.pdf, id=155, 505.89pt x 433.62pt>
File: Voorbeeld_files/figure-latex/acidslupin-1.pdf Graphic file (type pdf)
<use Voorbeeld_files/figure-latex/acidslupin-1.pdf>
Package luatex.def Info: Voorbeeld_files/figure-latex/acidslupin-1.pdf  used on input line 242.
(luatex.def)             Requested size: 416.89177pt x 357.34392pt.
[6<./Voorbeeld_files/figure-latex/phlupin-1.pdf>] [7<./Voorbeeld_files/figure-latex/acidslupin-1.pdf>] [8]
<Voorbeeld_files/figure-latex/bacgrowth-1.pdf, id=192, 469.755pt x 325.215pt>
File: Voorbeeld_files/figure-latex/bacgrowth-1.pdf Graphic file (type pdf)
<use Voorbeeld_files/figure-latex/bacgrowth-1.pdf>
Package luatex.def Info: Voorbeeld_files/figure-latex/bacgrowth-1.pdf  used on input line 255.
(luatex.def)             Requested size: 416.89177pt x 288.61668pt.
[9<./Voorbeeld_files/figure-latex/bacgrowth-1.pdf>] [10]
LaTeX Font Info:    External font `lmex10' loaded for size
(Font)              <10.95> on input line 268.
<Voorbeeld_files/figure-latex/AAsum-1.pdf, id=218, 469.755pt x 325.215pt>
File: Voorbeeld_files/figure-latex/AAsum-1.pdf Graphic file (type pdf)
<use Voorbeeld_files/figure-latex/AAsum-1.pdf>
Package luatex.def Info: Voorbeeld_files/figure-latex/AAsum-1.pdf  used on input line 315.
(luatex.def)             Requested size: 416.89177pt x 288.61668pt.
[11]
<Voorbeeld_files/figure-latex/AAheat-1.pdf, id=249, 469.755pt x 722.7pt>
File: Voorbeeld_files/figure-latex/AAheat-1.pdf Graphic file (type pdf)
<use Voorbeeld_files/figure-latex/AAheat-1.pdf>
Package luatex.def Info: Voorbeeld_files/figure-latex/AAheat-1.pdf  used on input line 321.
(luatex.def)             Requested size: 416.89177pt x 641.3704pt.

LaTeX Warning: Float too large for page by 29.84007pt on input line 322.

[12<./Voorbeeld_files/figure-latex/AAsum-1.pdf>] [13<./Voorbeeld_files/figure-latex/AAheat-1.pdf>]
LaTeX Font Info:    External font `lmex10' loaded for size
(Font)              <14.4> on input line 327.
LaTeX Font Info:    External font `lmex10' loaded for size
(Font)              <10> on input line 327.
LaTeX Font Info:    External font `lmex10' loaded for size
(Font)              <7> on input line 327.

Package hyperref Warning: Token not allowed in a PDF string (Unicode):
(hyperref)                removing `\mathsurround' on input line 328.


Package hyperref Warning: Token not allowed in a PDF string (Unicode):
(hyperref)                removing `\z@' on input line 328.


Package hyperref Warning: Token not allowed in a PDF string (Unicode):
(hyperref)                removing `subscript' on input line 328.


Overfull \hbox (21.39722pt too wide) in paragraph at lines 336--353
 [][] 
 []

[14]
<Voorbeeld_files/figure-latex/B12lupin-1.pdf, id=290, 505.89pt x 289.08pt>
File: Voorbeeld_files/figure-latex/B12lupin-1.pdf Graphic file (type pdf)
<use Voorbeeld_files/figure-latex/B12lupin-1.pdf>
Package luatex.def Info: Voorbeeld_files/figure-latex/B12lupin-1.pdf  used on input line 358.
(luatex.def)             Requested size: 416.89177pt x 238.22928pt.
[15<./Voorbeeld_files/figure-latex/B12lupin-1.pdf>] [16]

Package hyperref Warning: The anchor of a bookmark and its parent's must not
(hyperref)                be the same. Added a new anchor on input line 403.

<Voorbeeld_files/figure-latex/aroma-1.pdf, id=327, 469.755pt x 361.35pt>
File: Voorbeeld_files/figure-latex/aroma-1.pdf Graphic file (type pdf)
<use Voorbeeld_files/figure-latex/aroma-1.pdf>
Package luatex.def Info: Voorbeeld_files/figure-latex/aroma-1.pdf  used on input line 409.
(luatex.def)             Requested size: 416.89177pt x 320.68521pt.
[17]
<Voorbeeld_files/figure-latex/cheeses-1.pdf, id=346, 505.89pt x 404.51125pt>
File: Voorbeeld_files/figure-latex/cheeses-1.pdf Graphic file (type pdf)
<use Voorbeeld_files/figure-latex/cheeses-1.pdf>
Package luatex.def Info: Voorbeeld_files/figure-latex/cheeses-1.pdf  used on input line 416.
(luatex.def)             Requested size: 416.89177pt x 333.35555pt.
[18<./Voorbeeld_files/figure-latex/aroma-1.pdf>]
<Voorbeeld_files/figure-latex/vocsalt-1.pdf, id=364, 505.89pt x 404.51125pt>
File: Voorbeeld_files/figure-latex/vocsalt-1.pdf Graphic file (type pdf)
<use Voorbeeld_files/figure-latex/vocsalt-1.pdf>
Package luatex.def Info: Voorbeeld_files/figure-latex/vocsalt-1.pdf  used on input line 434.
(luatex.def)             Requested size: 416.89177pt x 333.35555pt.
[19<./Voorbeeld_files/figure-latex/cheeses-1.pdf>] [20<./Voorbeeld_files/figure-latex/vocsalt-1.pdf>]
<Voorbeeld_files/figure-latex/rates-1.pdf, id=406, 505.89pt x 216.81pt>
File: Voorbeeld_files/figure-latex/rates-1.pdf Graphic file (type pdf)
<use Voorbeeld_files/figure-latex/rates-1.pdf>
Package luatex.def Info: Voorbeeld_files/figure-latex/rates-1.pdf  used on input line 449.
(luatex.def)             Requested size: 416.89177pt x 178.67195pt.
<Voorbeeld_files/figure-latex/vocsalttype-1.pdf, id=407, 505.89pt x 404.51125pt>
File: Voorbeeld_files/figure-latex/vocsalttype-1.pdf Graphic file (type pdf)
<use Voorbeeld_files/figure-latex/vocsalttype-1.pdf>
Package luatex.def Info: Voorbeeld_files/figure-latex/vocsalttype-1.pdf  used on input line 453.
(luatex.def)             Requested size: 416.89177pt x 333.35555pt.
<Voorbeeld_files/figure-latex/metabolitesalt-1.pdf, id=408, 505.89pt x 404.51125pt>
File: Voorbeeld_files/figure-latex/metabolitesalt-1.pdf Graphic file (type pdf)
<use Voorbeeld_files/figure-latex/metabolitesalt-1.pdf>
Package luatex.def Info: Voorbeeld_files/figure-latex/metabolitesalt-1.pdf  used on input line 457.
(luatex.def)             Requested size: 416.89177pt x 333.35555pt.
[21<./Voorbeeld_files/figure-latex/rates-1.pdf>]
<Voorbeeld_files/figure-latex/fats-1.pdf, id=428, 469.755pt x 216.81pt>
File: Voorbeeld_files/figure-latex/fats-1.pdf Graphic file (type pdf)
<use Voorbeeld_files/figure-latex/fats-1.pdf>
Package luatex.def Info: Voorbeeld_files/figure-latex/fats-1.pdf  used on input line 470.
(luatex.def)             Requested size: 416.89177pt x 192.41112pt.
[22<./Voorbeeld_files/figure-latex/vocsalttype-1.pdf>] [23<./Voorbeeld_files/figure-latex/metabolitesalt-1.pdf><./Voorbeeld_files/figure-latex/fats-1.pdf>] [24] [25] [26]

Package hyperref Warning: The anchor of a bookmark and its parent's must not
(hyperref)                be the same. Added a new anchor on input line 512.

[27] [28] [29] [30]
<Voorbeeld_files/figure-latex/aminoacidsfig1A-1.pdf, id=585, 469.755pt x 686.565pt>
File: Voorbeeld_files/figure-latex/aminoacidsfig1A-1.pdf Graphic file (type pdf)
<use Voorbeeld_files/figure-latex/aminoacidsfig1A-1.pdf>
Package luatex.def Info: Voorbeeld_files/figure-latex/aminoacidsfig1A-1.pdf  used on input line 584.
(luatex.def)             Requested size: 416.89177pt x 609.3019pt.
<Voorbeeld_files/figure-latex/aminoacidsfig1B-1.pdf, id=586, 469.755pt x 722.7pt>
File: Voorbeeld_files/figure-latex/aminoacidsfig1B-1.pdf Graphic file (type pdf)
<use Voorbeeld_files/figure-latex/aminoacidsfig1B-1.pdf>
Package luatex.def Info: Voorbeeld_files/figure-latex/aminoacidsfig1B-1.pdf  used on input line 588.
(luatex.def)             Requested size: 416.89177pt x 641.3704pt.

LaTeX Warning: Float too large for page by 2.64006pt on input line 589.

<Voorbeeld_files/figure-latex/aminoacidsfig1C-1.pdf, id=587, 469.755pt x 722.7pt>
File: Voorbeeld_files/figure-latex/aminoacidsfig1C-1.pdf Graphic file (type pdf)
<use Voorbeeld_files/figure-latex/aminoacidsfig1C-1.pdf>
Package luatex.def Info: Voorbeeld_files/figure-latex/aminoacidsfig1C-1.pdf  used on input line 592.
(luatex.def)             Requested size: 416.89177pt x 641.3704pt.

LaTeX Warning: Float too large for page by 2.64006pt on input line 593.

LaTeX Font Info:    Trying to load font information for T1+lmtt on input line 595.
(c:/Users/dank001/AppData/Roaming/TinyTex/texmf-dist/tex/latex/lm/t1lmtt.fd
File: t1lmtt.fd 2015/05/01 v1.6.1 Font defs for Latin Modern
)
Package microtype Info: Loading generic protrusion settings for font family
(microtype)             `lmtt' (encoding: T1).
(microtype)             For optimal results, create family-specific settings.
(microtype)             See the microtype manual for details.
[31] [32<./Voorbeeld_files/figure-latex/aminoacidsfig1A-1.pdf>] [33<./Voorbeeld_files/figure-latex/aminoacidsfig1B-1.pdf>] [34<./Voorbeeld_files/figure-latex/aminoacidsfig1C-1.pdf>] [35

Missing character: There is no  (U+2019) in font ec-lmr10!
] [36
Missing character: There is no  (U+0131) in font ec-lmr10!
Missing character: There is no  (U+0301) in font ec-lmr10!
] [37] [38]
Package minitoc Info: I0009
(minitoc)             Listing minitoc auxiliary files. 
(minitoc)             Creating the Voorbeeld.maf file.

\openout3 = Voorbeeld.maf
[39
Missing character: There is no  (U+2019) in font ec-lmr10!
Missing character: There is no  (U+2018) in font ec-lmr10!
Missing character: There is no  (U+2019) in font ec-lmr10!
] (./Voorbeeld.aux)
Package rerunfilecheck Info: File `Voorbeeld.out' has not changed.
(rerunfilecheck)             Checksum: DD508A882DF2C2EB9CDC08ABB1E7527B;6028.
Package logreq Info: Writing requests to 'Voorbeeld.run.xml'.

\openout1 = Voorbeeld.run.xml
)

Here is how much of LuaTeX's memory you used:
 44891 strings out of 478294
 125044,1977958 words of node,token memory allocated
 782 words of node memory still in use:
   10 hlist, 2 vlist, 4 rule, 2 glue, 4 kern, 1 glyph, 23 attribute, 88 glue_spec, 15 attribute_list, 3 write, 1 pdf_action nodes
   avail lists: 1:1,2:1783,3:413,4:149,5:472,6:130,7:7004,8:105,9:696,10:25,11:585
 62588 multiletter control sequences out of 65536+600000
 74 fonts using 3478639 bytes
 114i,16n,103p,3623b,1846s stack positions out of 10000i,1000n,20000p,200000b,200000s
{c:/Users/dank001/AppData/Roaming/TinyTex/texmf-dist/fonts/enc/dvips/lm/lm-ec.enc}{c:/Users/dank001/AppData/Roaming/TinyTex/texmf-dist/fonts/enc/dvips/lm/lm-mathit.enc}{c:/Users/dank001/AppData/Roaming/TinyTex/texmf-dist/fonts/enc/dvips/lm/lm-mathsy.enc}{c:/Users/dank001/AppData/Roaming/TinyTex/texmf-dist/fonts/enc/dvips/lm/lm-rm.enc}{c:/Users/dank001/AppData/Roaming/TinyTex/texmf-dist/fonts/enc/dvips/base/8r.enc}<c:/Users/dank001/AppData/Roaming/TinyTex/texmf-dist/fonts/type1/public/lm/lmbx10.pfb><c:/Users/dank001/AppData/Roaming/TinyTex/texmf-dist/fonts/type1/public/lm/lmbx12.pfb><c:/Users/dank001/AppData/Roaming/TinyTex/texmf-dist/fonts/type1/public/lm/lmbx8.pfb><c:/Users/dank001/AppData/Roaming/TinyTex/texmf-dist/fonts/type1/public/lm/lmbxi10.pfb><c:/Users/dank001/AppData/Roaming/TinyTex/texmf-dist/fonts/type1/public/lm/lmmi10.pfb><c:/Users/dank001/AppData/Roaming/TinyTex/texmf-dist/fonts/type1/public/lm/lmmi12.pfb><c:/Users/dank001/AppData/Roaming/TinyTex/texmf-dist/fonts/type1/public/lm/lmmi8.pfb><c:/Users/dank001/AppData/Roaming/TinyTex/texmf-dist/fonts/type1/public/lm/lmr10.pfb><c:/Users/dank001/AppData/Roaming/TinyTex/texmf-dist/fonts/type1/public/lm/lmr12.pfb><c:/Users/dank001/AppData/Roaming/TinyTex/texmf-dist/fonts/type1/public/lm/lmr17.pfb><c:/Users/dank001/AppData/Roaming/TinyTex/texmf-dist/fonts/type1/public/lm/lmr8.pfb><c:/Users/dank001/AppData/Roaming/TinyTex/texmf-dist/fonts/type1/public/lm/lmri10.pfb><c:/Users/dank001/AppData/Roaming/TinyTex/texmf-dist/fonts/type1/public/lm/lmri12.pfb><c:/Users/dank001/AppData/Roaming/TinyTex/texmf-dist/fonts/type1/public/lm/lmsy10.pfb><c:/Users/dank001/AppData/Roaming/TinyTex/texmf-dist/fonts/type1/public/lm/lmsy8.pfb><c:/Users/dank001/AppData/Roaming/TinyTex/texmf-dist/fonts/type1/public/lm/lmtt12.pfb><c:/Users/dank001/AppData/Roaming/TinyTex/texmf-dist/fonts/type1/adobe/utopia/putb8a.pfb>
Output written on Voorbeeld.pdf (39 pages, 670264 bytes).

PDF statistics: 726 PDF objects out of 1000 (max. 8388607)
 629 compressed objects within 7 object streams
 165 named destinations out of 1000 (max. 131072)
 200 words of extra memory for PDF output out of 10000 (max. 100000000)

